sample.interval=20000
"[[.data.frame" "[[" "[<-.data.frame" "[<-" "splice" "cut" "mincut" 
"as.name" "eval" "FUN" "lapply" "strSub" "str.default" "NextMethod" "str.data.frame" "str" "eval" "eval" "withVisible" "evalVis" "capture.output" "doTryCatch" "tryCatchOne" "tryCatchList" "tryCatch" ".rs.valueContents" "<Anonymous>" "browser" "eval" "eval" ".rs.breakOnError" "<Anonymous>" "splice" "cut" "mincut" 
"browser" "eval" "eval" ".rs.breakOnError" "<Anonymous>" "splice" "cut" "mincut" 
"browser" "eval" "eval" ".rs.breakOnError" "<Anonymous>" "splice" "cut" "mincut" 
"browser" "eval" "eval" ".rs.breakOnError" "<Anonymous>" "splice" "cut" "mincut" 
"browser" "eval" "eval" ".rs.breakOnError" "<Anonymous>" "splice" "cut" "mincut" 
"browser" "eval" "eval" ".rs.breakOnError" "<Anonymous>" "splice" "cut" "mincut" 
"browser" "eval" "eval" ".rs.breakOnError" "<Anonymous>" "splice" "cut" "mincut" 
"browser" "eval" "eval" ".rs.breakOnError" "<Anonymous>" "splice" "cut" "mincut" 
"browser" "eval" "eval" ".rs.breakOnError" "<Anonymous>" "splice" "cut" "mincut" 
"browser" "eval" "eval" ".rs.breakOnError" "<Anonymous>" "splice" "cut" "mincut" 
"browser" "eval" "eval" ".rs.breakOnError" "<Anonymous>" "splice" "cut" "mincut" 
"browser" "eval" "eval" ".rs.breakOnError" "<Anonymous>" "splice" "cut" "mincut" 
"browser" "eval" "eval" ".rs.breakOnError" "<Anonymous>" "splice" "cut" "mincut" 
"browser" "eval" "eval" ".rs.breakOnError" "<Anonymous>" "splice" "cut" "mincut" 
"browser" "eval" "eval" ".rs.breakOnError" "<Anonymous>" "splice" "cut" "mincut" 
"browser" "eval" "eval" ".rs.breakOnError" "<Anonymous>" "splice" "cut" "mincut" 
"browser" "eval" "eval" ".rs.breakOnError" "<Anonymous>" "splice" "cut" "mincut" 
"browser" "eval" "eval" ".rs.breakOnError" "<Anonymous>" "splice" "cut" "mincut" 
"browser" "eval" "eval" ".rs.breakOnError" "<Anonymous>" "splice" "cut" "mincut" 
"browser" "eval" "eval" ".rs.breakOnError" "<Anonymous>" "splice" "cut" "mincut" 
"browser" "eval" "eval" ".rs.breakOnError" "<Anonymous>" "splice" "cut" "mincut" 
"browser" "eval" "eval" ".rs.breakOnError" "<Anonymous>" "splice" "cut" "mincut" 
"browser" "eval" "eval" ".rs.breakOnError" "<Anonymous>" "splice" "cut" "mincut" 
"browser" "eval" "eval" ".rs.breakOnError" "<Anonymous>" "splice" "cut" "mincut" 
"browser" "eval" "eval" ".rs.breakOnError" "<Anonymous>" "splice" "cut" "mincut" 
"browser" "eval" "eval" ".rs.breakOnError" "<Anonymous>" "splice" "cut" "mincut" 
"browser" "eval" "eval" ".rs.breakOnError" "<Anonymous>" "splice" "cut" "mincut" 
"browser" "eval" "eval" ".rs.breakOnError" "<Anonymous>" "splice" "cut" "mincut" 
"browser" "eval" "eval" ".rs.breakOnError" "<Anonymous>" "splice" "cut" "mincut" 
"browser" "eval" "eval" ".rs.breakOnError" "<Anonymous>" "splice" "cut" "mincut" 
"browser" "eval" "eval" ".rs.breakOnError" "<Anonymous>" "splice" "cut" "mincut" 
"browser" "eval" "eval" ".rs.breakOnError" "<Anonymous>" "splice" "cut" "mincut" 
"browser" "eval" "eval" ".rs.breakOnError" "<Anonymous>" "splice" "cut" "mincut" 
"browser" "eval" "eval" ".rs.breakOnError" "<Anonymous>" "splice" "cut" "mincut" 
"browser" "eval" "eval" ".rs.breakOnError" "<Anonymous>" "splice" "cut" "mincut" 
"browser" "eval" "eval" ".rs.breakOnError" "<Anonymous>" "splice" "cut" "mincut" 
"browser" "eval" "eval" ".rs.breakOnError" "<Anonymous>" "splice" "cut" "mincut" 
"browser" "eval" "eval" ".rs.breakOnError" "<Anonymous>" "splice" "cut" "mincut" 
"browser" "eval" "eval" ".rs.breakOnError" "<Anonymous>" "splice" "cut" "mincut" 
"browser" "eval" "eval" ".rs.breakOnError" "<Anonymous>" "splice" "cut" "mincut" 
"browser" "eval" "eval" ".rs.breakOnError" "<Anonymous>" "splice" "cut" "mincut" 
"browser" "eval" "eval" ".rs.breakOnError" "<Anonymous>" "splice" "cut" "mincut" 
"browser" "eval" "eval" ".rs.breakOnError" "<Anonymous>" "splice" "cut" "mincut" 
"browser" "eval" "eval" ".rs.breakOnError" "<Anonymous>" "splice" "cut" "mincut" 
"browser" "eval" "eval" ".rs.breakOnError" "<Anonymous>" "splice" "cut" "mincut" 
"browser" "eval" "eval" ".rs.breakOnError" "<Anonymous>" "splice" "cut" "mincut" 
"browser" "eval" "eval" ".rs.breakOnError" "<Anonymous>" "splice" "cut" "mincut" 
"browser" "eval" "eval" ".rs.breakOnError" "<Anonymous>" "splice" "cut" "mincut" 
"browser" "eval" "eval" ".rs.breakOnError" "<Anonymous>" "splice" "cut" "mincut" 
"browser" "eval" "eval" ".rs.breakOnError" "<Anonymous>" "splice" "cut" "mincut" 
"browser" "eval" "eval" ".rs.breakOnError" "<Anonymous>" "splice" "cut" "mincut" 
"browser" "eval" "eval" ".rs.breakOnError" "<Anonymous>" "splice" "cut" "mincut" 
"browser" "eval" "eval" ".rs.breakOnError" "<Anonymous>" "splice" "cut" "mincut" 
"browser" "eval" "eval" ".rs.breakOnError" "<Anonymous>" "splice" "cut" "mincut" 
"browser" "eval" "eval" ".rs.breakOnError" "<Anonymous>" "splice" "cut" "mincut" 
"browser" "eval" "eval" ".rs.breakOnError" "<Anonymous>" "splice" "cut" "mincut" 
"browser" "eval" "eval" ".rs.breakOnError" "<Anonymous>" "splice" "cut" "mincut" 
"browser" "eval" "eval" ".rs.breakOnError" "<Anonymous>" "splice" "cut" "mincut" 
"browser" "eval" "eval" ".rs.breakOnError" "<Anonymous>" "splice" "cut" "mincut" 
"browser" "eval" "eval" ".rs.breakOnError" "<Anonymous>" "splice" "cut" "mincut" 
"browser" "eval" "eval" ".rs.breakOnError" "<Anonymous>" "splice" "cut" "mincut" 
"browser" "eval" "eval" ".rs.breakOnError" "<Anonymous>" "splice" "cut" "mincut" 
"browser" "eval" "eval" ".rs.breakOnError" "<Anonymous>" "splice" "cut" "mincut" 
"browser" "eval" "eval" ".rs.breakOnError" "<Anonymous>" "splice" "cut" "mincut" 
"browser" "eval" "eval" ".rs.breakOnError" "<Anonymous>" "splice" "cut" "mincut" 
"browser" "eval" "eval" ".rs.breakOnError" "<Anonymous>" "splice" "cut" "mincut" 
"browser" "eval" "eval" ".rs.breakOnError" "<Anonymous>" "splice" "cut" "mincut" 
"browser" "eval" "eval" ".rs.breakOnError" "<Anonymous>" "splice" "cut" "mincut" 
"browser" "eval" "eval" ".rs.breakOnError" "<Anonymous>" "splice" "cut" "mincut" 
"browser" "eval" "eval" ".rs.breakOnError" "<Anonymous>" "splice" "cut" "mincut" 
"browser" "eval" "eval" ".rs.breakOnError" "<Anonymous>" "splice" "cut" "mincut" 
"browser" "eval" "eval" ".rs.breakOnError" "<Anonymous>" "splice" "cut" "mincut" 
"browser" "eval" "eval" ".rs.breakOnError" "<Anonymous>" "splice" "cut" "mincut" 
"browser" "eval" "eval" ".rs.breakOnError" "<Anonymous>" "splice" "cut" "mincut" 
"browser" "eval" "eval" ".rs.breakOnError" "<Anonymous>" "splice" "cut" "mincut" 
"browser" "eval" "eval" ".rs.breakOnError" "<Anonymous>" "splice" "cut" "mincut" 
"browser" "eval" "eval" ".rs.breakOnError" "<Anonymous>" "splice" "cut" "mincut" 
"browser" "eval" "eval" ".rs.breakOnError" "<Anonymous>" "splice" "cut" "mincut" 
"browser" "eval" "eval" ".rs.breakOnError" "<Anonymous>" "splice" "cut" "mincut" 
"browser" "eval" "eval" ".rs.breakOnError" "<Anonymous>" "splice" "cut" "mincut" 
"browser" "eval" "eval" ".rs.breakOnError" "<Anonymous>" "splice" "cut" "mincut" 
"browser" "eval" "eval" ".rs.breakOnError" "<Anonymous>" "splice" "cut" "mincut" 
"browser" "eval" "eval" ".rs.breakOnError" "<Anonymous>" "splice" "cut" "mincut" 
"browser" "eval" "eval" ".rs.breakOnError" "<Anonymous>" "splice" "cut" "mincut" 
"browser" "eval" "eval" ".rs.breakOnError" "<Anonymous>" "splice" "cut" "mincut" 
"browser" "eval" "eval" ".rs.breakOnError" "<Anonymous>" "splice" "cut" "mincut" 
"browser" "eval" "eval" ".rs.breakOnError" "<Anonymous>" "splice" "cut" "mincut" 
"browser" "eval" "eval" ".rs.breakOnError" "<Anonymous>" "splice" "cut" "mincut" 
"browser" "eval" "eval" ".rs.breakOnError" "<Anonymous>" "splice" "cut" "mincut" 
"browser" "eval" "eval" ".rs.breakOnError" "<Anonymous>" "splice" "cut" "mincut" 
"browser" "eval" "eval" ".rs.breakOnError" "<Anonymous>" "splice" "cut" "mincut" 
"browser" "eval" "eval" ".rs.breakOnError" "<Anonymous>" "splice" "cut" "mincut" 
"browser" "eval" "eval" ".rs.breakOnError" "<Anonymous>" "splice" "cut" "mincut" 
"browser" "eval" "eval" ".rs.breakOnError" "<Anonymous>" "splice" "cut" "mincut" 
"browser" "eval" "eval" ".rs.breakOnError" "<Anonymous>" "splice" "cut" "mincut" 
"browser" "eval" "eval" ".rs.breakOnError" "<Anonymous>" "splice" "cut" "mincut" 
"browser" "eval" "eval" ".rs.breakOnError" "<Anonymous>" "splice" "cut" "mincut" 
"browser" "eval" "eval" ".rs.breakOnError" "<Anonymous>" "splice" "cut" "mincut" 
"browser" "eval" "eval" ".rs.breakOnError" "<Anonymous>" "splice" "cut" "mincut" 
"browser" "eval" "eval" ".rs.breakOnError" "<Anonymous>" "splice" "cut" "mincut" 
"browser" "eval" "eval" ".rs.breakOnError" "<Anonymous>" "splice" "cut" "mincut" 
"browser" "eval" "eval" ".rs.breakOnError" "<Anonymous>" "splice" "cut" "mincut" 
"browser" "eval" "eval" ".rs.breakOnError" "<Anonymous>" "splice" "cut" "mincut" 
"browser" "eval" "eval" ".rs.breakOnError" "<Anonymous>" "splice" "cut" "mincut" 
"browser" "eval" "eval" ".rs.breakOnError" "<Anonymous>" "splice" "cut" "mincut" 
"browser" "eval" "eval" ".rs.breakOnError" "<Anonymous>" "splice" "cut" "mincut" 
"browser" "eval" "eval" ".rs.breakOnError" "<Anonymous>" "splice" "cut" "mincut" 
"browser" "eval" "eval" ".rs.breakOnError" "<Anonymous>" "splice" "cut" "mincut" 
"browser" "eval" "eval" ".rs.breakOnError" "<Anonymous>" "splice" "cut" "mincut" 
"browser" "eval" "eval" ".rs.breakOnError" "<Anonymous>" "splice" "cut" "mincut" 
"browser" "eval" "eval" ".rs.breakOnError" "<Anonymous>" "splice" "cut" "mincut" 
"browser" "eval" "eval" ".rs.breakOnError" "<Anonymous>" "splice" "cut" "mincut" 
"browser" "eval" "eval" ".rs.breakOnError" "<Anonymous>" "splice" "cut" "mincut" 
"browser" "eval" "eval" ".rs.breakOnError" "<Anonymous>" "splice" "cut" "mincut" 
"browser" "eval" "eval" ".rs.breakOnError" "<Anonymous>" "splice" "cut" "mincut" 
"browser" "eval" "eval" ".rs.breakOnError" "<Anonymous>" "splice" "cut" "mincut" 
"browser" "eval" "eval" ".rs.breakOnError" "<Anonymous>" "splice" "cut" "mincut" 
"browser" "eval" "eval" ".rs.breakOnError" "<Anonymous>" "splice" "cut" "mincut" 
"browser" "eval" "eval" ".rs.breakOnError" "<Anonymous>" "splice" "cut" "mincut" 
"browser" "eval" "eval" ".rs.breakOnError" "<Anonymous>" "splice" "cut" "mincut" 
"browser" "eval" "eval" ".rs.breakOnError" "<Anonymous>" "splice" "cut" "mincut" 
"browser" "eval" "eval" ".rs.breakOnError" "<Anonymous>" "splice" "cut" "mincut" 
"browser" "eval" "eval" ".rs.breakOnError" "<Anonymous>" "splice" "cut" "mincut" 
"browser" "eval" "eval" ".rs.breakOnError" "<Anonymous>" "splice" "cut" "mincut" 
"browser" "eval" "eval" ".rs.breakOnError" "<Anonymous>" "splice" "cut" "mincut" 
"browser" "eval" "eval" ".rs.breakOnError" "<Anonymous>" "splice" "cut" "mincut" 
"browser" "eval" "eval" ".rs.breakOnError" "<Anonymous>" "splice" "cut" "mincut" 
"browser" "eval" "eval" ".rs.breakOnError" "<Anonymous>" "splice" "cut" "mincut" 
"browser" "eval" "eval" ".rs.breakOnError" "<Anonymous>" "splice" "cut" "mincut" 
"browser" "eval" "eval" ".rs.breakOnError" "<Anonymous>" "splice" "cut" "mincut" 
"browser" "eval" "eval" ".rs.breakOnError" "<Anonymous>" "splice" "cut" "mincut" 
"browser" "eval" "eval" ".rs.breakOnError" "<Anonymous>" "splice" "cut" "mincut" 
"browser" "eval" "eval" ".rs.breakOnError" "<Anonymous>" "splice" "cut" "mincut" 
"browser" "eval" "eval" ".rs.breakOnError" "<Anonymous>" "splice" "cut" "mincut" 
"browser" "eval" "eval" ".rs.breakOnError" "<Anonymous>" "splice" "cut" "mincut" 
"browser" "eval" "eval" ".rs.breakOnError" "<Anonymous>" "splice" "cut" "mincut" 
"browser" "eval" "eval" ".rs.breakOnError" "<Anonymous>" "splice" "cut" "mincut" 
"browser" "eval" "eval" ".rs.breakOnError" "<Anonymous>" "splice" "cut" "mincut" 
"browser" "eval" "eval" ".rs.breakOnError" "<Anonymous>" "splice" "cut" "mincut" 
"browser" "eval" "eval" ".rs.breakOnError" "<Anonymous>" "splice" "cut" "mincut" 
"browser" "eval" "eval" ".rs.breakOnError" "<Anonymous>" "splice" "cut" "mincut" 
"browser" "eval" "eval" ".rs.breakOnError" "<Anonymous>" "splice" "cut" "mincut" 
"browser" "eval" "eval" ".rs.breakOnError" "<Anonymous>" "splice" "cut" "mincut" 
"browser" "eval" "eval" ".rs.breakOnError" "<Anonymous>" "splice" "cut" "mincut" 
"browser" "eval" "eval" ".rs.breakOnError" "<Anonymous>" "splice" "cut" "mincut" 
"browser" "eval" "eval" ".rs.breakOnError" "<Anonymous>" "splice" "cut" "mincut" 
"browser" "eval" "eval" ".rs.breakOnError" "<Anonymous>" "splice" "cut" "mincut" 
"browser" "eval" "eval" ".rs.breakOnError" "<Anonymous>" "splice" "cut" "mincut" 
"browser" "eval" "eval" ".rs.breakOnError" "<Anonymous>" "splice" "cut" "mincut" 
"browser" "eval" "eval" ".rs.breakOnError" "<Anonymous>" "splice" "cut" "mincut" 
"browser" "eval" "eval" ".rs.breakOnError" "<Anonymous>" "splice" "cut" "mincut" 
"browser" "eval" "eval" ".rs.breakOnError" "<Anonymous>" "splice" "cut" "mincut" 
"browser" "eval" "eval" ".rs.breakOnError" "<Anonymous>" "splice" "cut" "mincut" 
"browser" "eval" "eval" ".rs.breakOnError" "<Anonymous>" "splice" "cut" "mincut" 
"browser" "eval" "eval" ".rs.breakOnError" "<Anonymous>" "splice" "cut" "mincut" 
"browser" "eval" "eval" ".rs.breakOnError" "<Anonymous>" "splice" "cut" "mincut" 
"browser" "eval" "eval" ".rs.breakOnError" "<Anonymous>" "splice" "cut" "mincut" 
"browser" "eval" "eval" ".rs.breakOnError" "<Anonymous>" "splice" "cut" "mincut" 
"browser" "eval" "eval" ".rs.breakOnError" "<Anonymous>" "splice" "cut" "mincut" 
"browser" "eval" "eval" ".rs.breakOnError" "<Anonymous>" "splice" "cut" "mincut" 
"browser" "eval" "eval" ".rs.breakOnError" "<Anonymous>" "splice" "cut" "mincut" 
"browser" "eval" "eval" ".rs.breakOnError" "<Anonymous>" "splice" "cut" "mincut" 
"browser" "eval" "eval" ".rs.breakOnError" "<Anonymous>" "splice" "cut" "mincut" 
"browser" "eval" "eval" ".rs.breakOnError" "<Anonymous>" "splice" "cut" "mincut" 
"browser" "eval" "eval" ".rs.breakOnError" "<Anonymous>" "splice" "cut" "mincut" 
"browser" "eval" "eval" ".rs.breakOnError" "<Anonymous>" "splice" "cut" "mincut" 
"browser" "eval" "eval" ".rs.breakOnError" "<Anonymous>" "splice" "cut" "mincut" 
"browser" "eval" "eval" ".rs.breakOnError" "<Anonymous>" "splice" "cut" "mincut" 
"browser" "eval" "eval" ".rs.breakOnError" "<Anonymous>" "splice" "cut" "mincut" 
"browser" "eval" "eval" ".rs.breakOnError" "<Anonymous>" "splice" "cut" "mincut" 
"browser" "eval" "eval" ".rs.breakOnError" "<Anonymous>" "splice" "cut" "mincut" 
"browser" "eval" "eval" ".rs.breakOnError" "<Anonymous>" "splice" "cut" "mincut" 
"browser" "eval" "eval" ".rs.breakOnError" "<Anonymous>" "splice" "cut" "mincut" 
"browser" "eval" "eval" ".rs.breakOnError" "<Anonymous>" "splice" "cut" "mincut" 
"browser" "eval" "eval" ".rs.breakOnError" "<Anonymous>" "splice" "cut" "mincut" 
"browser" "eval" "eval" ".rs.breakOnError" "<Anonymous>" "splice" "cut" "mincut" 
"browser" "eval" "eval" ".rs.breakOnError" "<Anonymous>" "splice" "cut" "mincut" 
"browser" "eval" "eval" ".rs.breakOnError" "<Anonymous>" "splice" "cut" "mincut" 
"browser" "eval" "eval" ".rs.breakOnError" "<Anonymous>" "splice" "cut" "mincut" 
"browser" "eval" "eval" ".rs.breakOnError" "<Anonymous>" "splice" "cut" "mincut" 
"browser" "eval" "eval" ".rs.breakOnError" "<Anonymous>" "splice" "cut" "mincut" 
"browser" "eval" "eval" ".rs.breakOnError" "<Anonymous>" "splice" "cut" "mincut" 
"browser" "eval" "eval" ".rs.breakOnError" "<Anonymous>" "splice" "cut" "mincut" 
"browser" "eval" "eval" ".rs.breakOnError" "<Anonymous>" "splice" "cut" "mincut" 
"browser" "eval" "eval" ".rs.breakOnError" "<Anonymous>" "splice" "cut" "mincut" 
"browser" "eval" "eval" ".rs.breakOnError" "<Anonymous>" "splice" "cut" "mincut" 
"browser" "eval" "eval" ".rs.breakOnError" "<Anonymous>" "splice" "cut" "mincut" 
"browser" "eval" "eval" ".rs.breakOnError" "<Anonymous>" "splice" "cut" "mincut" 
"browser" "eval" "eval" ".rs.breakOnError" "<Anonymous>" "splice" "cut" "mincut" 
"browser" "eval" "eval" ".rs.breakOnError" "<Anonymous>" "splice" "cut" "mincut" 
"browser" "eval" "eval" ".rs.breakOnError" "<Anonymous>" "splice" "cut" "mincut" 
"browser" "eval" "eval" ".rs.breakOnError" "<Anonymous>" "splice" "cut" "mincut" 
"browser" "eval" "eval" ".rs.breakOnError" "<Anonymous>" "splice" "cut" "mincut" 
"browser" "eval" "eval" ".rs.breakOnError" "<Anonymous>" "splice" "cut" "mincut" 
"browser" "eval" "eval" ".rs.breakOnError" "<Anonymous>" "splice" "cut" "mincut" 
"browser" "eval" "eval" ".rs.breakOnError" "<Anonymous>" "splice" "cut" "mincut" 
"browser" "eval" "eval" ".rs.breakOnError" "<Anonymous>" "splice" "cut" "mincut" 
"browser" "eval" "eval" ".rs.breakOnError" "<Anonymous>" "splice" "cut" "mincut" 
"browser" "eval" "eval" ".rs.breakOnError" "<Anonymous>" "splice" "cut" "mincut" 
"browser" "eval" "eval" ".rs.breakOnError" "<Anonymous>" "splice" "cut" "mincut" 
"browser" "eval" "eval" ".rs.breakOnError" "<Anonymous>" "splice" "cut" "mincut" 
"browser" "eval" "eval" ".rs.breakOnError" "<Anonymous>" "splice" "cut" "mincut" 
"browser" "eval" "eval" ".rs.breakOnError" "<Anonymous>" "splice" "cut" "mincut" 
"browser" "eval" "eval" ".rs.breakOnError" "<Anonymous>" "splice" "cut" "mincut" 
"browser" "eval" "eval" ".rs.breakOnError" "<Anonymous>" "splice" "cut" "mincut" 
"browser" "eval" "eval" ".rs.breakOnError" "<Anonymous>" "splice" "cut" "mincut" 
"browser" "eval" "eval" ".rs.breakOnError" "<Anonymous>" "splice" "cut" "mincut" 
"browser" "eval" "eval" ".rs.breakOnError" "<Anonymous>" "splice" "cut" "mincut" 
"browser" "eval" "eval" ".rs.breakOnError" "<Anonymous>" "splice" "cut" "mincut" 
"browser" "eval" "eval" ".rs.breakOnError" "<Anonymous>" "splice" "cut" "mincut" 
"browser" "eval" "eval" ".rs.breakOnError" "<Anonymous>" "splice" "cut" "mincut" 
"browser" "eval" "eval" ".rs.breakOnError" "<Anonymous>" "splice" "cut" "mincut" 
"browser" "eval" "eval" ".rs.breakOnError" "<Anonymous>" "splice" "cut" "mincut" 
"browser" "eval" "eval" ".rs.breakOnError" "<Anonymous>" "splice" "cut" "mincut" 
"browser" "eval" "eval" ".rs.breakOnError" "<Anonymous>" "splice" "cut" "mincut" 
"browser" "eval" "eval" ".rs.breakOnError" "<Anonymous>" "splice" "cut" "mincut" 
"browser" "eval" "eval" ".rs.breakOnError" "<Anonymous>" "splice" "cut" "mincut" 
"browser" "eval" "eval" ".rs.breakOnError" "<Anonymous>" "splice" "cut" "mincut" 
"browser" "eval" "eval" ".rs.breakOnError" "<Anonymous>" "splice" "cut" "mincut" 
"browser" "eval" "eval" ".rs.breakOnError" "<Anonymous>" "splice" "cut" "mincut" 
"browser" "eval" "eval" ".rs.breakOnError" "<Anonymous>" "splice" "cut" "mincut" 
"browser" "eval" "eval" ".rs.breakOnError" "<Anonymous>" "splice" "cut" "mincut" 
"browser" "eval" "eval" ".rs.breakOnError" "<Anonymous>" "splice" "cut" "mincut" 
"browser" "eval" "eval" ".rs.breakOnError" "<Anonymous>" "splice" "cut" "mincut" 
"browser" "eval" "eval" ".rs.breakOnError" "<Anonymous>" "splice" "cut" "mincut" 
"browser" "eval" "eval" ".rs.breakOnError" "<Anonymous>" "splice" "cut" "mincut" 
"browser" "eval" "eval" ".rs.breakOnError" "<Anonymous>" "splice" "cut" "mincut" 
"browser" "eval" "eval" ".rs.breakOnError" "<Anonymous>" "splice" "cut" "mincut" 
"browser" "eval" "eval" ".rs.breakOnError" "<Anonymous>" "splice" "cut" "mincut" 
"browser" "eval" "eval" ".rs.breakOnError" "<Anonymous>" "splice" "cut" "mincut" 
"browser" "eval" "eval" ".rs.breakOnError" "<Anonymous>" "splice" "cut" "mincut" 
"browser" "eval" "eval" ".rs.breakOnError" "<Anonymous>" "splice" "cut" "mincut" 
"browser" "eval" "eval" ".rs.breakOnError" "<Anonymous>" "splice" "cut" "mincut" 
"browser" "eval" "eval" ".rs.breakOnError" "<Anonymous>" "splice" "cut" "mincut" 
"browser" "eval" "eval" ".rs.breakOnError" "<Anonymous>" "splice" "cut" "mincut" 
"browser" "eval" "eval" ".rs.breakOnError" "<Anonymous>" "splice" "cut" "mincut" 
"browser" "eval" "eval" ".rs.breakOnError" "<Anonymous>" "splice" "cut" "mincut" 
"browser" "eval" "eval" ".rs.breakOnError" "<Anonymous>" "splice" "cut" "mincut" 
"browser" "eval" "eval" ".rs.breakOnError" "<Anonymous>" "splice" "cut" "mincut" 
"browser" "eval" "eval" ".rs.breakOnError" "<Anonymous>" "splice" "cut" "mincut" 
"browser" "eval" "eval" ".rs.breakOnError" "<Anonymous>" "splice" "cut" "mincut" 
"browser" "eval" "eval" ".rs.breakOnError" "<Anonymous>" "splice" "cut" "mincut" 
"browser" "eval" "eval" ".rs.breakOnError" "<Anonymous>" "splice" "cut" "mincut" 
"browser" "eval" "eval" ".rs.breakOnError" "<Anonymous>" "splice" "cut" "mincut" 
"browser" "eval" "eval" ".rs.breakOnError" "<Anonymous>" "splice" "cut" "mincut" 
"browser" "eval" "eval" ".rs.breakOnError" "<Anonymous>" "splice" "cut" "mincut" 
"browser" "eval" "eval" ".rs.breakOnError" "<Anonymous>" "splice" "cut" "mincut" 
"browser" "eval" "eval" ".rs.breakOnError" "<Anonymous>" "splice" "cut" "mincut" 
"browser" "eval" "eval" ".rs.breakOnError" "<Anonymous>" "splice" "cut" "mincut" 
"browser" "eval" "eval" ".rs.breakOnError" "<Anonymous>" "splice" "cut" "mincut" 
"browser" "eval" "eval" ".rs.breakOnError" "<Anonymous>" "splice" "cut" "mincut" 
"browser" "eval" "eval" ".rs.breakOnError" "<Anonymous>" "splice" "cut" "mincut" 
"browser" "eval" "eval" ".rs.breakOnError" "<Anonymous>" "splice" "cut" "mincut" 
"browser" "eval" "eval" ".rs.breakOnError" "<Anonymous>" "splice" "cut" "mincut" 
"browser" "eval" "eval" ".rs.breakOnError" "<Anonymous>" "splice" "cut" "mincut" 
"browser" "eval" "eval" ".rs.breakOnError" "<Anonymous>" "splice" "cut" "mincut" 
"browser" "eval" "eval" ".rs.breakOnError" "<Anonymous>" "splice" "cut" "mincut" 
"browser" "eval" "eval" ".rs.breakOnError" "<Anonymous>" "splice" "cut" "mincut" 
"browser" "eval" "eval" ".rs.breakOnError" "<Anonymous>" "splice" "cut" "mincut" 
"browser" "eval" "eval" ".rs.breakOnError" "<Anonymous>" "splice" "cut" "mincut" 
"browser" "eval" "eval" ".rs.breakOnError" "<Anonymous>" "splice" "cut" "mincut" 
"browser" "eval" "eval" ".rs.breakOnError" "<Anonymous>" "splice" "cut" "mincut" 
"browser" "eval" "eval" ".rs.breakOnError" "<Anonymous>" "splice" "cut" "mincut" 
"browser" "eval" "eval" ".rs.breakOnError" "<Anonymous>" "splice" "cut" "mincut" 
"browser" "eval" "eval" ".rs.breakOnError" "<Anonymous>" "splice" "cut" "mincut" 
"browser" "eval" "eval" ".rs.breakOnError" "<Anonymous>" "splice" "cut" "mincut" 
"browser" "eval" "eval" ".rs.breakOnError" "<Anonymous>" "splice" "cut" "mincut" 
"browser" "eval" "eval" ".rs.breakOnError" "<Anonymous>" "splice" "cut" "mincut" 
"browser" "eval" "eval" ".rs.breakOnError" "<Anonymous>" "splice" "cut" "mincut" 
"browser" "eval" "eval" ".rs.breakOnError" "<Anonymous>" "splice" "cut" "mincut" 
"browser" "eval" "eval" ".rs.breakOnError" "<Anonymous>" "splice" "cut" "mincut" 
"browser" "eval" "eval" ".rs.breakOnError" "<Anonymous>" "splice" "cut" "mincut" 
"browser" "eval" "eval" ".rs.breakOnError" "<Anonymous>" "splice" "cut" "mincut" 
"browser" "eval" "eval" ".rs.breakOnError" "<Anonymous>" "splice" "cut" "mincut" 
"browser" "eval" "eval" ".rs.breakOnError" "<Anonymous>" "splice" "cut" "mincut" 
"browser" "eval" "eval" ".rs.breakOnError" "<Anonymous>" "splice" "cut" "mincut" 
"browser" "eval" "eval" ".rs.breakOnError" "<Anonymous>" "splice" "cut" "mincut" 
"browser" "eval" "eval" ".rs.breakOnError" "<Anonymous>" "splice" "cut" "mincut" 
"browser" "eval" "eval" ".rs.breakOnError" "<Anonymous>" "splice" "cut" "mincut" 
"browser" "eval" "eval" ".rs.breakOnError" "<Anonymous>" "splice" "cut" "mincut" 
"browser" "eval" "eval" ".rs.breakOnError" "<Anonymous>" "splice" "cut" "mincut" 
"browser" "eval" "eval" ".rs.breakOnError" "<Anonymous>" "splice" "cut" "mincut" 
"browser" "eval" "eval" ".rs.breakOnError" "<Anonymous>" "splice" "cut" "mincut" 
"browser" "eval" "eval" ".rs.breakOnError" "<Anonymous>" "splice" "cut" "mincut" 
"browser" "eval" "eval" ".rs.breakOnError" "<Anonymous>" "splice" "cut" "mincut" 
"browser" "eval" "eval" ".rs.breakOnError" "<Anonymous>" "splice" "cut" "mincut" 
"browser" "eval" "eval" ".rs.breakOnError" "<Anonymous>" "splice" "cut" "mincut" 
"browser" "eval" "eval" ".rs.breakOnError" "<Anonymous>" "splice" "cut" "mincut" 
"browser" "eval" "eval" ".rs.breakOnError" "<Anonymous>" "splice" "cut" "mincut" 
"browser" "eval" "eval" ".rs.breakOnError" "<Anonymous>" "splice" "cut" "mincut" 
"browser" "eval" "eval" ".rs.breakOnError" "<Anonymous>" "splice" "cut" "mincut" 
"browser" "eval" "eval" ".rs.breakOnError" "<Anonymous>" "splice" "cut" "mincut" 
"browser" "eval" "eval" ".rs.breakOnError" "<Anonymous>" "splice" "cut" "mincut" 
"browser" "eval" "eval" ".rs.breakOnError" "<Anonymous>" "splice" "cut" "mincut" 
"browser" "eval" "eval" ".rs.breakOnError" "<Anonymous>" "splice" "cut" "mincut" 
"browser" "eval" "eval" ".rs.breakOnError" "<Anonymous>" "splice" "cut" "mincut" 
"browser" "eval" "eval" ".rs.breakOnError" "<Anonymous>" "splice" "cut" "mincut" 
"browser" "eval" "eval" ".rs.breakOnError" "<Anonymous>" "splice" "cut" "mincut" 
"browser" "eval" "eval" ".rs.breakOnError" "<Anonymous>" "splice" "cut" "mincut" 
"browser" "eval" "eval" ".rs.breakOnError" "<Anonymous>" "splice" "cut" "mincut" 
"browser" "eval" "eval" ".rs.breakOnError" "<Anonymous>" "splice" "cut" "mincut" 
"browser" "eval" "eval" ".rs.breakOnError" "<Anonymous>" "splice" "cut" "mincut" 
"browser" "eval" "eval" ".rs.breakOnError" "<Anonymous>" "splice" "cut" "mincut" 
"browser" "eval" "eval" ".rs.breakOnError" "<Anonymous>" "splice" "cut" "mincut" 
"browser" "eval" "eval" ".rs.breakOnError" "<Anonymous>" "splice" "cut" "mincut" 
"browser" "eval" "eval" ".rs.breakOnError" "<Anonymous>" "splice" "cut" "mincut" 
"browser" "eval" "eval" ".rs.breakOnError" "<Anonymous>" "splice" "cut" "mincut" 
"browser" "eval" "eval" ".rs.breakOnError" "<Anonymous>" "splice" "cut" "mincut" 
"browser" "eval" "eval" ".rs.breakOnError" "<Anonymous>" "splice" "cut" "mincut" 
"browser" "eval" "eval" ".rs.breakOnError" "<Anonymous>" "splice" "cut" "mincut" 
"browser" "eval" "eval" ".rs.breakOnError" "<Anonymous>" "splice" "cut" "mincut" 
"browser" "eval" "eval" ".rs.breakOnError" "<Anonymous>" "splice" "cut" "mincut" 
"browser" "eval" "eval" ".rs.breakOnError" "<Anonymous>" "splice" "cut" "mincut" 
"browser" "eval" "eval" ".rs.breakOnError" "<Anonymous>" "splice" "cut" "mincut" 
"browser" "eval" "eval" ".rs.breakOnError" "<Anonymous>" "splice" "cut" "mincut" 
"browser" "eval" "eval" ".rs.breakOnError" "<Anonymous>" "splice" "cut" "mincut" 
"browser" "eval" "eval" ".rs.breakOnError" "<Anonymous>" "splice" "cut" "mincut" 
"browser" "eval" "eval" ".rs.breakOnError" "<Anonymous>" "splice" "cut" "mincut" 
"browser" "eval" "eval" ".rs.breakOnError" "<Anonymous>" "splice" "cut" "mincut" 
"browser" "eval" "eval" ".rs.breakOnError" "<Anonymous>" "splice" "cut" "mincut" 
"browser" "eval" "eval" ".rs.breakOnError" "<Anonymous>" "splice" "cut" "mincut" 
"browser" "eval" "eval" ".rs.breakOnError" "<Anonymous>" "splice" "cut" "mincut" 
"browser" "eval" "eval" ".rs.breakOnError" "<Anonymous>" "splice" "cut" "mincut" 
"browser" "eval" "eval" ".rs.breakOnError" "<Anonymous>" "splice" "cut" "mincut" 
"browser" "eval" "eval" ".rs.breakOnError" "<Anonymous>" "splice" "cut" "mincut" 
"browser" "eval" "eval" ".rs.breakOnError" "<Anonymous>" "splice" "cut" "mincut" 
"browser" "eval" "eval" ".rs.breakOnError" "<Anonymous>" "splice" "cut" "mincut" 
"browser" "eval" "eval" ".rs.breakOnError" "<Anonymous>" "splice" "cut" "mincut" 
"browser" "eval" "eval" ".rs.breakOnError" "<Anonymous>" "splice" "cut" "mincut" 
"browser" "eval" "eval" ".rs.breakOnError" "<Anonymous>" "splice" "cut" "mincut" 
"browser" "eval" "eval" ".rs.breakOnError" "<Anonymous>" "splice" "cut" "mincut" 
"browser" "eval" "eval" ".rs.breakOnError" "<Anonymous>" "splice" "cut" "mincut" 
"browser" "eval" "eval" ".rs.breakOnError" "<Anonymous>" "splice" "cut" "mincut" 
"browser" "eval" "eval" ".rs.breakOnError" "<Anonymous>" "splice" "cut" "mincut" 
"browser" "eval" "eval" ".rs.breakOnError" "<Anonymous>" "splice" "cut" "mincut" 
"browser" "eval" "eval" ".rs.breakOnError" "<Anonymous>" "splice" "cut" "mincut" 
"browser" "eval" "eval" ".rs.breakOnError" "<Anonymous>" "splice" "cut" "mincut" 
"browser" "eval" "eval" ".rs.breakOnError" "<Anonymous>" "splice" "cut" "mincut" 
"browser" "eval" "eval" ".rs.breakOnError" "<Anonymous>" "splice" "cut" "mincut" 
"browser" "eval" "eval" ".rs.breakOnError" "<Anonymous>" "splice" "cut" "mincut" 
"browser" "eval" "eval" ".rs.breakOnError" "<Anonymous>" "splice" "cut" "mincut" 
"browser" "eval" "eval" ".rs.breakOnError" "<Anonymous>" "splice" "cut" "mincut" 
"browser" "eval" "eval" ".rs.breakOnError" "<Anonymous>" "splice" "cut" "mincut" 
"browser" "eval" "eval" ".rs.breakOnError" "<Anonymous>" "splice" "cut" "mincut" 
"browser" "eval" "eval" ".rs.breakOnError" "<Anonymous>" "splice" "cut" "mincut" 
"browser" "eval" "eval" ".rs.breakOnError" "<Anonymous>" "splice" "cut" "mincut" 
"browser" "eval" "eval" ".rs.breakOnError" "<Anonymous>" "splice" "cut" "mincut" 
"browser" "eval" "eval" ".rs.breakOnError" "<Anonymous>" "splice" "cut" "mincut" 
"browser" "eval" "eval" ".rs.breakOnError" "<Anonymous>" "splice" "cut" "mincut" 
"browser" "eval" "eval" ".rs.breakOnError" "<Anonymous>" "splice" "cut" "mincut" 
"browser" "eval" "eval" ".rs.breakOnError" "<Anonymous>" "splice" "cut" "mincut" 
"browser" "eval" "eval" ".rs.breakOnError" "<Anonymous>" "splice" "cut" "mincut" 
"browser" "eval" "eval" ".rs.breakOnError" "<Anonymous>" "splice" "cut" "mincut" 
"browser" "eval" "eval" ".rs.breakOnError" "<Anonymous>" "splice" "cut" "mincut" 
"browser" "eval" "eval" ".rs.breakOnError" "<Anonymous>" "splice" "cut" "mincut" 
"browser" "eval" "eval" ".rs.breakOnError" "<Anonymous>" "splice" "cut" "mincut" 
"browser" "eval" "eval" ".rs.breakOnError" "<Anonymous>" "splice" "cut" "mincut" 
"browser" "eval" "eval" ".rs.breakOnError" "<Anonymous>" "splice" "cut" "mincut" 
"browser" "eval" "eval" ".rs.breakOnError" "<Anonymous>" "splice" "cut" "mincut" 
"browser" "eval" "eval" ".rs.breakOnError" "<Anonymous>" "splice" "cut" "mincut" 
"browser" "eval" "eval" ".rs.breakOnError" "<Anonymous>" "splice" "cut" "mincut" 
"browser" "eval" "eval" ".rs.breakOnError" "<Anonymous>" "splice" "cut" "mincut" 
"browser" "eval" "eval" ".rs.breakOnError" "<Anonymous>" "splice" "cut" "mincut" 
"browser" "eval" "eval" ".rs.breakOnError" "<Anonymous>" "splice" "cut" "mincut" 
"browser" "eval" "eval" ".rs.breakOnError" "<Anonymous>" "splice" "cut" "mincut" 
"browser" "eval" "eval" ".rs.breakOnError" "<Anonymous>" "splice" "cut" "mincut" 
"browser" "eval" "eval" ".rs.breakOnError" "<Anonymous>" "splice" "cut" "mincut" 
"browser" "eval" "eval" ".rs.breakOnError" "<Anonymous>" "splice" "cut" "mincut" 
"browser" "eval" "eval" ".rs.breakOnError" "<Anonymous>" "splice" "cut" "mincut" 
"browser" "eval" "eval" ".rs.breakOnError" "<Anonymous>" "splice" "cut" "mincut" 
"browser" "eval" "eval" ".rs.breakOnError" "<Anonymous>" "splice" "cut" "mincut" 
"browser" "eval" "eval" ".rs.breakOnError" "<Anonymous>" "splice" "cut" "mincut" 
"browser" "eval" "eval" ".rs.breakOnError" "<Anonymous>" "splice" "cut" "mincut" 
"browser" "eval" "eval" ".rs.breakOnError" "<Anonymous>" "splice" "cut" "mincut" 
"browser" "eval" "eval" ".rs.breakOnError" "<Anonymous>" "splice" "cut" "mincut" 
"browser" "eval" "eval" ".rs.breakOnError" "<Anonymous>" "splice" "cut" "mincut" 
"browser" "eval" "eval" ".rs.breakOnError" "<Anonymous>" "splice" "cut" "mincut" 
"browser" "eval" "eval" ".rs.breakOnError" "<Anonymous>" "splice" "cut" "mincut" 
"browser" "eval" "eval" ".rs.breakOnError" "<Anonymous>" "splice" "cut" "mincut" 
"browser" "eval" "eval" ".rs.breakOnError" "<Anonymous>" "splice" "cut" "mincut" 
"browser" "eval" "eval" ".rs.breakOnError" "<Anonymous>" "splice" "cut" "mincut" 
"browser" "eval" "eval" ".rs.breakOnError" "<Anonymous>" "splice" "cut" "mincut" 
"browser" "eval" "eval" ".rs.breakOnError" "<Anonymous>" "splice" "cut" "mincut" 
"browser" "eval" "eval" ".rs.breakOnError" "<Anonymous>" "splice" "cut" "mincut" 
"browser" "eval" "eval" ".rs.breakOnError" "<Anonymous>" "splice" "cut" "mincut" 
"browser" "eval" "eval" ".rs.breakOnError" "<Anonymous>" "splice" "cut" "mincut" 
"browser" "eval" "eval" ".rs.breakOnError" "<Anonymous>" "splice" "cut" "mincut" 
"browser" "eval" "eval" ".rs.breakOnError" "<Anonymous>" "splice" "cut" "mincut" 
"browser" "eval" "eval" ".rs.breakOnError" "<Anonymous>" "splice" "cut" "mincut" 
"browser" "eval" "eval" ".rs.breakOnError" "<Anonymous>" "splice" "cut" "mincut" 
"browser" "eval" "eval" ".rs.breakOnError" "<Anonymous>" "splice" "cut" "mincut" 
"browser" "eval" "eval" ".rs.breakOnError" "<Anonymous>" "splice" "cut" "mincut" 
"browser" "eval" "eval" ".rs.breakOnError" "<Anonymous>" "splice" "cut" "mincut" 
"browser" "eval" "eval" ".rs.breakOnError" "<Anonymous>" "splice" "cut" "mincut" 
"browser" "eval" "eval" ".rs.breakOnError" "<Anonymous>" "splice" "cut" "mincut" 
"browser" "eval" "eval" ".rs.breakOnError" "<Anonymous>" "splice" "cut" "mincut" 
"browser" "eval" "eval" ".rs.breakOnError" "<Anonymous>" "splice" "cut" "mincut" 
"browser" "eval" "eval" ".rs.breakOnError" "<Anonymous>" "splice" "cut" "mincut" 
"browser" "eval" "eval" ".rs.breakOnError" "<Anonymous>" "splice" "cut" "mincut" 
"browser" "eval" "eval" ".rs.breakOnError" "<Anonymous>" "splice" "cut" "mincut" 
"browser" "eval" "eval" ".rs.breakOnError" "<Anonymous>" "splice" "cut" "mincut" 
"browser" "eval" "eval" ".rs.breakOnError" "<Anonymous>" "splice" "cut" "mincut" 
"browser" "eval" "eval" ".rs.breakOnError" "<Anonymous>" "splice" "cut" "mincut" 
"browser" "eval" "eval" ".rs.breakOnError" "<Anonymous>" "splice" "cut" "mincut" 
"browser" "eval" "eval" ".rs.breakOnError" "<Anonymous>" "splice" "cut" "mincut" 
"browser" "eval" "eval" ".rs.breakOnError" "<Anonymous>" "splice" "cut" "mincut" 
"browser" "eval" "eval" ".rs.breakOnError" "<Anonymous>" "splice" "cut" "mincut" 
"browser" "eval" "eval" ".rs.breakOnError" "<Anonymous>" "splice" "cut" "mincut" 
"browser" "eval" "eval" ".rs.breakOnError" "<Anonymous>" "splice" "cut" "mincut" 
"browser" "eval" "eval" ".rs.breakOnError" "<Anonymous>" "splice" "cut" "mincut" 
"browser" "eval" "eval" ".rs.breakOnError" "<Anonymous>" "splice" "cut" "mincut" 
"browser" "eval" "eval" ".rs.breakOnError" "<Anonymous>" "splice" "cut" "mincut" 
"browser" "eval" "eval" ".rs.breakOnError" "<Anonymous>" "splice" "cut" "mincut" 
"browser" "eval" "eval" ".rs.breakOnError" "<Anonymous>" "splice" "cut" "mincut" 
"browser" "eval" "eval" ".rs.breakOnError" "<Anonymous>" "splice" "cut" "mincut" 
"browser" "eval" "eval" ".rs.breakOnError" "<Anonymous>" "splice" "cut" "mincut" 
"browser" "eval" "eval" ".rs.breakOnError" "<Anonymous>" "splice" "cut" "mincut" 
"browser" "eval" "eval" ".rs.breakOnError" "<Anonymous>" "splice" "cut" "mincut" 
"browser" "eval" "eval" ".rs.breakOnError" "<Anonymous>" "splice" "cut" "mincut" 
"browser" "eval" "eval" ".rs.breakOnError" "<Anonymous>" "splice" "cut" "mincut" 
"browser" "eval" "eval" ".rs.breakOnError" "<Anonymous>" "splice" "cut" "mincut" 
"browser" "eval" "eval" ".rs.breakOnError" "<Anonymous>" "splice" "cut" "mincut" 
"browser" "eval" "eval" ".rs.breakOnError" "<Anonymous>" "splice" "cut" "mincut" 
"browser" "eval" "eval" ".rs.breakOnError" "<Anonymous>" "splice" "cut" "mincut" 
"browser" "eval" "eval" ".rs.breakOnError" "<Anonymous>" "splice" "cut" "mincut" 
"browser" "eval" "eval" ".rs.breakOnError" "<Anonymous>" "splice" "cut" "mincut" 
"browser" "eval" "eval" ".rs.breakOnError" "<Anonymous>" "splice" "cut" "mincut" 
"browser" "eval" "eval" ".rs.breakOnError" "<Anonymous>" "splice" "cut" "mincut" 
"browser" "eval" "eval" ".rs.breakOnError" "<Anonymous>" "splice" "cut" "mincut" 
"browser" "eval" "eval" ".rs.breakOnError" "<Anonymous>" "splice" "cut" "mincut" 
"browser" "eval" "eval" ".rs.breakOnError" "<Anonymous>" "splice" "cut" "mincut" 
"browser" "eval" "eval" ".rs.breakOnError" "<Anonymous>" "splice" "cut" "mincut" 
"browser" "eval" "eval" ".rs.breakOnError" "<Anonymous>" "splice" "cut" "mincut" 
"browser" "eval" "eval" ".rs.breakOnError" "<Anonymous>" "splice" "cut" "mincut" 
"browser" "eval" "eval" ".rs.breakOnError" "<Anonymous>" "splice" "cut" "mincut" 
"browser" "eval" "eval" ".rs.breakOnError" "<Anonymous>" "splice" "cut" "mincut" 
"browser" "eval" "eval" ".rs.breakOnError" "<Anonymous>" "splice" "cut" "mincut" 
"browser" "eval" "eval" ".rs.breakOnError" "<Anonymous>" "splice" "cut" "mincut" 
"browser" "eval" "eval" ".rs.breakOnError" "<Anonymous>" "splice" "cut" "mincut" 
"browser" "eval" "eval" ".rs.breakOnError" "<Anonymous>" "splice" "cut" "mincut" 
"browser" "eval" "eval" ".rs.breakOnError" "<Anonymous>" "splice" "cut" "mincut" 
"browser" "eval" "eval" ".rs.breakOnError" "<Anonymous>" "splice" "cut" "mincut" 
"browser" "eval" "eval" ".rs.breakOnError" "<Anonymous>" "splice" "cut" "mincut" 
"browser" "eval" "eval" ".rs.breakOnError" "<Anonymous>" "splice" "cut" "mincut" 
"browser" "eval" "eval" ".rs.breakOnError" "<Anonymous>" "splice" "cut" "mincut" 
"browser" "eval" "eval" ".rs.breakOnError" "<Anonymous>" "splice" "cut" "mincut" 
"browser" "eval" "eval" ".rs.breakOnError" "<Anonymous>" "splice" "cut" "mincut" 
"browser" "eval" "eval" ".rs.breakOnError" "<Anonymous>" "splice" "cut" "mincut" 
"browser" "eval" "eval" ".rs.breakOnError" "<Anonymous>" "splice" "cut" "mincut" 
"browser" "eval" "eval" ".rs.breakOnError" "<Anonymous>" "splice" "cut" "mincut" 
"browser" "eval" "eval" ".rs.breakOnError" "<Anonymous>" "splice" "cut" "mincut" 
"browser" "eval" "eval" ".rs.breakOnError" "<Anonymous>" "splice" "cut" "mincut" 
"browser" "eval" "eval" ".rs.breakOnError" "<Anonymous>" "splice" "cut" "mincut" 
"browser" "eval" "eval" ".rs.breakOnError" "<Anonymous>" "splice" "cut" "mincut" 
"browser" "eval" "eval" ".rs.breakOnError" "<Anonymous>" "splice" "cut" "mincut" 
"browser" "eval" "eval" ".rs.breakOnError" "<Anonymous>" "splice" "cut" "mincut" 
"browser" "eval" "eval" ".rs.breakOnError" "<Anonymous>" "splice" "cut" "mincut" 
"browser" "eval" "eval" ".rs.breakOnError" "<Anonymous>" "splice" "cut" "mincut" 
"browser" "eval" "eval" ".rs.breakOnError" "<Anonymous>" "splice" "cut" "mincut" 
"browser" "eval" "eval" ".rs.breakOnError" "<Anonymous>" "splice" "cut" "mincut" 
"browser" "eval" "eval" ".rs.breakOnError" "<Anonymous>" "splice" "cut" "mincut" 
"browser" "eval" "eval" ".rs.breakOnError" "<Anonymous>" "splice" "cut" "mincut" 
"browser" "eval" "eval" ".rs.breakOnError" "<Anonymous>" "splice" "cut" "mincut" 
"browser" "eval" "eval" ".rs.breakOnError" "<Anonymous>" "splice" "cut" "mincut" 
"browser" "eval" "eval" ".rs.breakOnError" "<Anonymous>" "splice" "cut" "mincut" 
"browser" "eval" "eval" ".rs.breakOnError" "<Anonymous>" "splice" "cut" "mincut" 
"browser" "eval" "eval" ".rs.breakOnError" "<Anonymous>" "splice" "cut" "mincut" 
"browser" "eval" "eval" ".rs.breakOnError" "<Anonymous>" "splice" "cut" "mincut" 
"browser" "eval" "eval" ".rs.breakOnError" "<Anonymous>" "splice" "cut" "mincut" 
"browser" "eval" "eval" ".rs.breakOnError" "<Anonymous>" "splice" "cut" "mincut" 
"browser" "eval" "eval" ".rs.breakOnError" "<Anonymous>" "splice" "cut" "mincut" 
"browser" "eval" "eval" ".rs.breakOnError" "<Anonymous>" "splice" "cut" "mincut" 
"browser" "eval" "eval" ".rs.breakOnError" "<Anonymous>" "splice" "cut" "mincut" 
"browser" "eval" "eval" ".rs.breakOnError" "<Anonymous>" "splice" "cut" "mincut" 
"browser" "eval" "eval" ".rs.breakOnError" "<Anonymous>" "splice" "cut" "mincut" 
"browser" "eval" "eval" ".rs.breakOnError" "<Anonymous>" "splice" "cut" "mincut" 
"browser" "eval" "eval" ".rs.breakOnError" "<Anonymous>" "splice" "cut" "mincut" 
"browser" "eval" "eval" ".rs.breakOnError" "<Anonymous>" "splice" "cut" "mincut" 
"browser" "eval" "eval" ".rs.breakOnError" "<Anonymous>" "splice" "cut" "mincut" 
"browser" "eval" "eval" ".rs.breakOnError" "<Anonymous>" "splice" "cut" "mincut" 
"browser" "eval" "eval" ".rs.breakOnError" "<Anonymous>" "splice" "cut" "mincut" 
"browser" "eval" "eval" ".rs.breakOnError" "<Anonymous>" "splice" "cut" "mincut" 
"browser" "eval" "eval" ".rs.breakOnError" "<Anonymous>" "splice" "cut" "mincut" 
"browser" "eval" "eval" ".rs.breakOnError" "<Anonymous>" "splice" "cut" "mincut" 
"browser" "eval" "eval" ".rs.breakOnError" "<Anonymous>" "splice" "cut" "mincut" 
"browser" "eval" "eval" ".rs.breakOnError" "<Anonymous>" "splice" "cut" "mincut" 
"browser" "eval" "eval" ".rs.breakOnError" "<Anonymous>" "splice" "cut" "mincut" 
"browser" "eval" "eval" ".rs.breakOnError" "<Anonymous>" "splice" "cut" "mincut" 
"browser" "eval" "eval" ".rs.breakOnError" "<Anonymous>" "splice" "cut" "mincut" 
"browser" "eval" "eval" ".rs.breakOnError" "<Anonymous>" "splice" "cut" "mincut" 
"browser" "eval" "eval" ".rs.breakOnError" "<Anonymous>" "splice" "cut" "mincut" 
"browser" "eval" "eval" ".rs.breakOnError" "<Anonymous>" "splice" "cut" "mincut" 
"browser" "eval" "eval" ".rs.breakOnError" "<Anonymous>" "splice" "cut" "mincut" 
"browser" "eval" "eval" ".rs.breakOnError" "<Anonymous>" "splice" "cut" "mincut" 
"browser" "eval" "eval" ".rs.breakOnError" "<Anonymous>" "splice" "cut" "mincut" 
"browser" "eval" "eval" ".rs.breakOnError" "<Anonymous>" "splice" "cut" "mincut" 
"browser" "eval" "eval" ".rs.breakOnError" "<Anonymous>" "splice" "cut" "mincut" 
"browser" "eval" "eval" ".rs.breakOnError" "<Anonymous>" "splice" "cut" "mincut" 
"browser" "eval" "eval" ".rs.breakOnError" "<Anonymous>" "splice" "cut" "mincut" 
"browser" "eval" "eval" ".rs.breakOnError" "<Anonymous>" "splice" "cut" "mincut" 
"browser" "eval" "eval" ".rs.breakOnError" "<Anonymous>" "splice" "cut" "mincut" 
"browser" "eval" "eval" ".rs.breakOnError" "<Anonymous>" "splice" "cut" "mincut" 
"browser" "eval" "eval" ".rs.breakOnError" "<Anonymous>" "splice" "cut" "mincut" 
"browser" "eval" "eval" ".rs.breakOnError" "<Anonymous>" "splice" "cut" "mincut" 
"browser" "eval" "eval" ".rs.breakOnError" "<Anonymous>" "splice" "cut" "mincut" 
"browser" "eval" "eval" ".rs.breakOnError" "<Anonymous>" "splice" "cut" "mincut" 
"browser" "eval" "eval" ".rs.breakOnError" "<Anonymous>" "splice" "cut" "mincut" 
"browser" "eval" "eval" ".rs.breakOnError" "<Anonymous>" "splice" "cut" "mincut" 
"browser" "eval" "eval" ".rs.breakOnError" "<Anonymous>" "splice" "cut" "mincut" 
"browser" "eval" "eval" ".rs.breakOnError" "<Anonymous>" "splice" "cut" "mincut" 
"browser" "eval" "eval" ".rs.breakOnError" "<Anonymous>" "splice" "cut" "mincut" 
"browser" "eval" "eval" ".rs.breakOnError" "<Anonymous>" "splice" "cut" "mincut" 
"browser" "eval" "eval" ".rs.breakOnError" "<Anonymous>" "splice" "cut" "mincut" 
"browser" "eval" "eval" ".rs.breakOnError" "<Anonymous>" "splice" "cut" "mincut" 
"browser" "eval" "eval" ".rs.breakOnError" "<Anonymous>" "splice" "cut" "mincut" 
"browser" "eval" "eval" ".rs.breakOnError" "<Anonymous>" "splice" "cut" "mincut" 
"browser" "eval" "eval" ".rs.breakOnError" "<Anonymous>" "splice" "cut" "mincut" 
"browser" "eval" "eval" ".rs.breakOnError" "<Anonymous>" "splice" "cut" "mincut" 
"browser" "eval" "eval" ".rs.breakOnError" "<Anonymous>" "splice" "cut" "mincut" 
"browser" "eval" "eval" ".rs.breakOnError" "<Anonymous>" "splice" "cut" "mincut" 
"browser" "eval" "eval" ".rs.breakOnError" "<Anonymous>" "splice" "cut" "mincut" 
"browser" "eval" "eval" ".rs.breakOnError" "<Anonymous>" "splice" "cut" "mincut" 
"browser" "eval" "eval" ".rs.breakOnError" "<Anonymous>" "splice" "cut" "mincut" 
"browser" "eval" "eval" ".rs.breakOnError" "<Anonymous>" "splice" "cut" "mincut" 
"browser" "eval" "eval" ".rs.breakOnError" "<Anonymous>" "splice" "cut" "mincut" 
"browser" "eval" "eval" ".rs.breakOnError" "<Anonymous>" "splice" "cut" "mincut" 
"browser" "eval" "eval" ".rs.breakOnError" "<Anonymous>" "splice" "cut" "mincut" 
"browser" "eval" "eval" ".rs.breakOnError" "<Anonymous>" "splice" "cut" "mincut" 
"browser" "eval" "eval" ".rs.breakOnError" "<Anonymous>" "splice" "cut" "mincut" 
"browser" "eval" "eval" ".rs.breakOnError" "<Anonymous>" "splice" "cut" "mincut" 
"browser" "eval" "eval" ".rs.breakOnError" "<Anonymous>" "splice" "cut" "mincut" 
"browser" "eval" "eval" ".rs.breakOnError" "<Anonymous>" "splice" "cut" "mincut" 
"browser" "eval" "eval" ".rs.breakOnError" "<Anonymous>" "splice" "cut" "mincut" 
"browser" "eval" "eval" ".rs.breakOnError" "<Anonymous>" "splice" "cut" "mincut" 
"browser" "eval" "eval" ".rs.breakOnError" "<Anonymous>" "splice" "cut" "mincut" 
"browser" "eval" "eval" ".rs.breakOnError" "<Anonymous>" "splice" "cut" "mincut" 
"browser" "eval" "eval" ".rs.breakOnError" "<Anonymous>" "splice" "cut" "mincut" 
"browser" "eval" "eval" ".rs.breakOnError" "<Anonymous>" "splice" "cut" "mincut" 
"browser" "eval" "eval" ".rs.breakOnError" "<Anonymous>" "splice" "cut" "mincut" 
"browser" "eval" "eval" ".rs.breakOnError" "<Anonymous>" "splice" "cut" "mincut" 
"browser" "eval" "eval" ".rs.breakOnError" "<Anonymous>" "splice" "cut" "mincut" 
"browser" "eval" "eval" ".rs.breakOnError" "<Anonymous>" "splice" "cut" "mincut" 
"browser" "eval" "eval" ".rs.breakOnError" "<Anonymous>" "splice" "cut" "mincut" 
"browser" "eval" "eval" ".rs.breakOnError" "<Anonymous>" "splice" "cut" "mincut" 
"browser" "eval" "eval" ".rs.breakOnError" "<Anonymous>" "splice" "cut" "mincut" 
"browser" "eval" "eval" ".rs.breakOnError" "<Anonymous>" "splice" "cut" "mincut" 
"browser" "eval" "eval" ".rs.breakOnError" "<Anonymous>" "splice" "cut" "mincut" 
"browser" "eval" "eval" ".rs.breakOnError" "<Anonymous>" "splice" "cut" "mincut" 
"browser" "eval" "eval" ".rs.breakOnError" "<Anonymous>" "splice" "cut" "mincut" 
"browser" "eval" "eval" ".rs.breakOnError" "<Anonymous>" "splice" "cut" "mincut" 
"browser" "eval" "eval" ".rs.breakOnError" "<Anonymous>" "splice" "cut" "mincut" 
"browser" "eval" "eval" ".rs.breakOnError" "<Anonymous>" "splice" "cut" "mincut" 
"browser" "eval" "eval" ".rs.breakOnError" "<Anonymous>" "splice" "cut" "mincut" 
"browser" "eval" "eval" ".rs.breakOnError" "<Anonymous>" "splice" "cut" "mincut" 
"browser" "eval" "eval" ".rs.breakOnError" "<Anonymous>" "splice" "cut" "mincut" 
"browser" "eval" "eval" ".rs.breakOnError" "<Anonymous>" "splice" "cut" "mincut" 
"browser" "eval" "eval" ".rs.breakOnError" "<Anonymous>" "splice" "cut" "mincut" 
"browser" "eval" "eval" ".rs.breakOnError" "<Anonymous>" "splice" "cut" "mincut" 
"browser" "eval" "eval" ".rs.breakOnError" "<Anonymous>" "splice" "cut" "mincut" 
"browser" "eval" "eval" ".rs.breakOnError" "<Anonymous>" "splice" "cut" "mincut" 
"browser" "eval" "eval" ".rs.breakOnError" "<Anonymous>" "splice" "cut" "mincut" 
"browser" "eval" "eval" ".rs.breakOnError" "<Anonymous>" "splice" "cut" "mincut" 
"browser" "eval" "eval" ".rs.breakOnError" "<Anonymous>" "splice" "cut" "mincut" 
"browser" "eval" "eval" ".rs.breakOnError" "<Anonymous>" "splice" "cut" "mincut" 
"browser" "eval" "eval" ".rs.breakOnError" "<Anonymous>" "splice" "cut" "mincut" 
"browser" "eval" "eval" ".rs.breakOnError" "<Anonymous>" "splice" "cut" "mincut" 
"browser" "eval" "eval" ".rs.breakOnError" "<Anonymous>" "splice" "cut" "mincut" 
"browser" "eval" "eval" ".rs.breakOnError" "<Anonymous>" "splice" "cut" "mincut" 
"browser" "eval" "eval" ".rs.breakOnError" "<Anonymous>" "splice" "cut" "mincut" 
"browser" "eval" "eval" ".rs.breakOnError" "<Anonymous>" "splice" "cut" "mincut" 
"browser" "eval" "eval" ".rs.breakOnError" "<Anonymous>" "splice" "cut" "mincut" 
"browser" "eval" "eval" ".rs.breakOnError" "<Anonymous>" "splice" "cut" "mincut" 
"browser" "eval" "eval" ".rs.breakOnError" "<Anonymous>" "splice" "cut" "mincut" 
"browser" "eval" "eval" ".rs.breakOnError" "<Anonymous>" "splice" "cut" "mincut" 
"browser" "eval" "eval" ".rs.breakOnError" "<Anonymous>" "splice" "cut" "mincut" 
"browser" "eval" "eval" ".rs.breakOnError" "<Anonymous>" "splice" "cut" "mincut" 
"browser" "eval" "eval" ".rs.breakOnError" "<Anonymous>" "splice" "cut" "mincut" 
"browser" "eval" "eval" ".rs.breakOnError" "<Anonymous>" "splice" "cut" "mincut" 
"browser" "eval" "eval" ".rs.breakOnError" "<Anonymous>" "splice" "cut" "mincut" 
"browser" "eval" "eval" ".rs.breakOnError" "<Anonymous>" "splice" "cut" "mincut" 
"browser" "eval" "eval" ".rs.breakOnError" "<Anonymous>" "splice" "cut" "mincut" 
"browser" "eval" "eval" ".rs.breakOnError" "<Anonymous>" "splice" "cut" "mincut" 
"browser" "eval" "eval" ".rs.breakOnError" "<Anonymous>" "splice" "cut" "mincut" 
"browser" "eval" "eval" ".rs.breakOnError" "<Anonymous>" "splice" "cut" "mincut" 
"browser" "eval" "eval" ".rs.breakOnError" "<Anonymous>" "splice" "cut" "mincut" 
"browser" "eval" "eval" ".rs.breakOnError" "<Anonymous>" "splice" "cut" "mincut" 
"browser" "eval" "eval" ".rs.breakOnError" "<Anonymous>" "splice" "cut" "mincut" 
"browser" "eval" "eval" ".rs.breakOnError" "<Anonymous>" "splice" "cut" "mincut" 
"browser" "eval" "eval" ".rs.breakOnError" "<Anonymous>" "splice" "cut" "mincut" 
"browser" "eval" "eval" ".rs.breakOnError" "<Anonymous>" "splice" "cut" "mincut" 
"browser" "eval" "eval" ".rs.breakOnError" "<Anonymous>" "splice" "cut" "mincut" 
"browser" "eval" "eval" ".rs.breakOnError" "<Anonymous>" "splice" "cut" "mincut" 
"browser" "eval" "eval" ".rs.breakOnError" "<Anonymous>" "splice" "cut" "mincut" 
"browser" "eval" "eval" ".rs.breakOnError" "<Anonymous>" "splice" "cut" "mincut" 
"browser" "eval" "eval" ".rs.breakOnError" "<Anonymous>" "splice" "cut" "mincut" 
"browser" "eval" "eval" ".rs.breakOnError" "<Anonymous>" "splice" "cut" "mincut" 
"browser" "eval" "eval" ".rs.breakOnError" "<Anonymous>" "splice" "cut" "mincut" 
"browser" "eval" "eval" ".rs.breakOnError" "<Anonymous>" "splice" "cut" "mincut" 
"browser" "eval" "eval" ".rs.breakOnError" "<Anonymous>" "splice" "cut" "mincut" 
"browser" "eval" "eval" ".rs.breakOnError" "<Anonymous>" "splice" "cut" "mincut" 
"browser" "eval" "eval" ".rs.breakOnError" "<Anonymous>" "splice" "cut" "mincut" 
"browser" "eval" "eval" ".rs.breakOnError" "<Anonymous>" "splice" "cut" "mincut" 
"browser" "eval" "eval" ".rs.breakOnError" "<Anonymous>" "splice" "cut" "mincut" 
"browser" "eval" "eval" ".rs.breakOnError" "<Anonymous>" "splice" "cut" "mincut" 
"browser" "eval" "eval" ".rs.breakOnError" "<Anonymous>" "splice" "cut" "mincut" 
"browser" "eval" "eval" ".rs.breakOnError" "<Anonymous>" "splice" "cut" "mincut" 
"browser" "eval" "eval" ".rs.breakOnError" "<Anonymous>" "splice" "cut" "mincut" 
"browser" "eval" "eval" ".rs.breakOnError" "<Anonymous>" "splice" "cut" "mincut" 
"browser" "eval" "eval" ".rs.breakOnError" "<Anonymous>" "splice" "cut" "mincut" 
"browser" "eval" "eval" ".rs.breakOnError" "<Anonymous>" "splice" "cut" "mincut" 
"browser" "eval" "eval" ".rs.breakOnError" "<Anonymous>" "splice" "cut" "mincut" 
"browser" "eval" "eval" ".rs.breakOnError" "<Anonymous>" "splice" "cut" "mincut" 
"browser" "eval" "eval" ".rs.breakOnError" "<Anonymous>" "splice" "cut" "mincut" 
"browser" "eval" "eval" ".rs.breakOnError" "<Anonymous>" "splice" "cut" "mincut" 
"browser" "eval" "eval" ".rs.breakOnError" "<Anonymous>" "splice" "cut" "mincut" 
"browser" "eval" "eval" ".rs.breakOnError" "<Anonymous>" "splice" "cut" "mincut" 
"browser" "eval" "eval" ".rs.breakOnError" "<Anonymous>" "splice" "cut" "mincut" 
"browser" "eval" "eval" ".rs.breakOnError" "<Anonymous>" "splice" "cut" "mincut" 
"browser" "eval" "eval" ".rs.breakOnError" "<Anonymous>" "splice" "cut" "mincut" 
"browser" "eval" "eval" ".rs.breakOnError" "<Anonymous>" "splice" "cut" "mincut" 
"browser" "eval" "eval" ".rs.breakOnError" "<Anonymous>" "splice" "cut" "mincut" 
"browser" "eval" "eval" ".rs.breakOnError" "<Anonymous>" "splice" "cut" "mincut" 
"browser" "eval" "eval" ".rs.breakOnError" "<Anonymous>" "splice" "cut" "mincut" 
"browser" "eval" "eval" ".rs.breakOnError" "<Anonymous>" "splice" "cut" "mincut" 
"browser" "eval" "eval" ".rs.breakOnError" "<Anonymous>" "splice" "cut" "mincut" 
"browser" "eval" "eval" ".rs.breakOnError" "<Anonymous>" "splice" "cut" "mincut" 
"browser" "eval" "eval" ".rs.breakOnError" "<Anonymous>" "splice" "cut" "mincut" 
"browser" "eval" "eval" ".rs.breakOnError" "<Anonymous>" "splice" "cut" "mincut" 
"browser" "eval" "eval" ".rs.breakOnError" "<Anonymous>" "splice" "cut" "mincut" 
"browser" "eval" "eval" ".rs.breakOnError" "<Anonymous>" "splice" "cut" "mincut" 
"browser" "eval" "eval" ".rs.breakOnError" "<Anonymous>" "splice" "cut" "mincut" 
"browser" "eval" "eval" ".rs.breakOnError" "<Anonymous>" "splice" "cut" "mincut" 
"browser" "eval" "eval" ".rs.breakOnError" "<Anonymous>" "splice" "cut" "mincut" 
"browser" "eval" "eval" ".rs.breakOnError" "<Anonymous>" "splice" "cut" "mincut" 
"browser" "eval" "eval" ".rs.breakOnError" "<Anonymous>" "splice" "cut" "mincut" 
"browser" "eval" "eval" ".rs.breakOnError" "<Anonymous>" "splice" "cut" "mincut" 
"browser" "eval" "eval" ".rs.breakOnError" "<Anonymous>" "splice" "cut" "mincut" 
"browser" "eval" "eval" ".rs.breakOnError" "<Anonymous>" "splice" "cut" "mincut" 
"browser" "eval" "eval" ".rs.breakOnError" "<Anonymous>" "splice" "cut" "mincut" 
"browser" "eval" "eval" ".rs.breakOnError" "<Anonymous>" "splice" "cut" "mincut" 
"browser" "eval" "eval" ".rs.breakOnError" "<Anonymous>" "splice" "cut" "mincut" 
"browser" "eval" "eval" ".rs.breakOnError" "<Anonymous>" "splice" "cut" "mincut" 
"browser" "eval" "eval" ".rs.breakOnError" "<Anonymous>" "splice" "cut" "mincut" 
"browser" "eval" "eval" ".rs.breakOnError" "<Anonymous>" "splice" "cut" "mincut" 
"browser" "eval" "eval" ".rs.breakOnError" "<Anonymous>" "splice" "cut" "mincut" 
"browser" "eval" "eval" ".rs.breakOnError" "<Anonymous>" "splice" "cut" "mincut" 
"browser" "eval" "eval" ".rs.breakOnError" "<Anonymous>" "splice" "cut" "mincut" 
"browser" "eval" "eval" ".rs.breakOnError" "<Anonymous>" "splice" "cut" "mincut" 
"browser" "eval" "eval" ".rs.breakOnError" "<Anonymous>" "splice" "cut" "mincut" 
"browser" "eval" "eval" ".rs.breakOnError" "<Anonymous>" "splice" "cut" "mincut" 
"browser" "eval" "eval" ".rs.breakOnError" "<Anonymous>" "splice" "cut" "mincut" 
"browser" "eval" "eval" ".rs.breakOnError" "<Anonymous>" "splice" "cut" "mincut" 
"browser" "eval" "eval" ".rs.breakOnError" "<Anonymous>" "splice" "cut" "mincut" 
"browser" "eval" "eval" ".rs.breakOnError" "<Anonymous>" "splice" "cut" "mincut" 
"browser" "eval" "eval" ".rs.breakOnError" "<Anonymous>" "splice" "cut" "mincut" 
"browser" "eval" "eval" ".rs.breakOnError" "<Anonymous>" "splice" "cut" "mincut" 
"browser" "eval" "eval" ".rs.breakOnError" "<Anonymous>" "splice" "cut" "mincut" 
"browser" "eval" "eval" ".rs.breakOnError" "<Anonymous>" "splice" "cut" "mincut" 
"browser" "eval" "eval" ".rs.breakOnError" "<Anonymous>" "splice" "cut" "mincut" 
"browser" "eval" "eval" ".rs.breakOnError" "<Anonymous>" "splice" "cut" "mincut" 
"browser" "eval" "eval" ".rs.breakOnError" "<Anonymous>" "splice" "cut" "mincut" 
"browser" "eval" "eval" ".rs.breakOnError" "<Anonymous>" "splice" "cut" "mincut" 
"browser" "eval" "eval" ".rs.breakOnError" "<Anonymous>" "splice" "cut" "mincut" 
"browser" "eval" "eval" ".rs.breakOnError" "<Anonymous>" "splice" "cut" "mincut" 
"browser" "eval" "eval" ".rs.breakOnError" "<Anonymous>" "splice" "cut" "mincut" 
"browser" "eval" "eval" ".rs.breakOnError" "<Anonymous>" "splice" "cut" "mincut" 
"browser" "eval" "eval" ".rs.breakOnError" "<Anonymous>" "splice" "cut" "mincut" 
"browser" "eval" "eval" ".rs.breakOnError" "<Anonymous>" "splice" "cut" "mincut" 
"browser" "eval" "eval" ".rs.breakOnError" "<Anonymous>" "splice" "cut" "mincut" 
"browser" "eval" "eval" ".rs.breakOnError" "<Anonymous>" "splice" "cut" "mincut" 
"browser" "eval" "eval" ".rs.breakOnError" "<Anonymous>" "splice" "cut" "mincut" 
"browser" "eval" "eval" ".rs.breakOnError" "<Anonymous>" "splice" "cut" "mincut" 
"browser" "eval" "eval" ".rs.breakOnError" "<Anonymous>" "splice" "cut" "mincut" 
"browser" "eval" "eval" ".rs.breakOnError" "<Anonymous>" "splice" "cut" "mincut" 
"browser" "eval" "eval" ".rs.breakOnError" "<Anonymous>" "splice" "cut" "mincut" 
"browser" "eval" "eval" ".rs.breakOnError" "<Anonymous>" "splice" "cut" "mincut" 
"browser" "eval" "eval" ".rs.breakOnError" "<Anonymous>" "splice" "cut" "mincut" 
"browser" "eval" "eval" ".rs.breakOnError" "<Anonymous>" "splice" "cut" "mincut" 
"browser" "eval" "eval" ".rs.breakOnError" "<Anonymous>" "splice" "cut" "mincut" 
"browser" "eval" "eval" ".rs.breakOnError" "<Anonymous>" "splice" "cut" "mincut" 
"browser" "eval" "eval" ".rs.breakOnError" "<Anonymous>" "splice" "cut" "mincut" 
"browser" "eval" "eval" ".rs.breakOnError" "<Anonymous>" "splice" "cut" "mincut" 
"browser" "eval" "eval" ".rs.breakOnError" "<Anonymous>" "splice" "cut" "mincut" 
"browser" "eval" "eval" ".rs.breakOnError" "<Anonymous>" "splice" "cut" "mincut" 
"browser" "eval" "eval" ".rs.breakOnError" "<Anonymous>" "splice" "cut" "mincut" 
"browser" "eval" "eval" ".rs.breakOnError" "<Anonymous>" "splice" "cut" "mincut" 
"browser" "eval" "eval" ".rs.breakOnError" "<Anonymous>" "splice" "cut" "mincut" 
"browser" "eval" "eval" ".rs.breakOnError" "<Anonymous>" "splice" "cut" "mincut" 
"browser" "eval" "eval" ".rs.breakOnError" "<Anonymous>" "splice" "cut" "mincut" 
"browser" "eval" "eval" ".rs.breakOnError" "<Anonymous>" "splice" "cut" "mincut" 
"browser" "eval" "eval" ".rs.breakOnError" "<Anonymous>" "splice" "cut" "mincut" 
"browser" "eval" "eval" ".rs.breakOnError" "<Anonymous>" "splice" "cut" "mincut" 
"browser" "eval" "eval" ".rs.breakOnError" "<Anonymous>" "splice" "cut" "mincut" 
"browser" "eval" "eval" ".rs.breakOnError" "<Anonymous>" "splice" "cut" "mincut" 
"browser" "eval" "eval" ".rs.breakOnError" "<Anonymous>" "splice" "cut" "mincut" 
"browser" "eval" "eval" ".rs.breakOnError" "<Anonymous>" "splice" "cut" "mincut" 
"browser" "eval" "eval" ".rs.breakOnError" "<Anonymous>" "splice" "cut" "mincut" 
"browser" "eval" "eval" ".rs.breakOnError" "<Anonymous>" "splice" "cut" "mincut" 
"browser" "eval" "eval" ".rs.breakOnError" "<Anonymous>" "splice" "cut" "mincut" 
"browser" "eval" "eval" ".rs.breakOnError" "<Anonymous>" "splice" "cut" "mincut" 
"browser" "eval" "eval" ".rs.breakOnError" "<Anonymous>" "splice" "cut" "mincut" 
"browser" "eval" "eval" ".rs.breakOnError" "<Anonymous>" "splice" "cut" "mincut" 
"browser" "eval" "eval" ".rs.breakOnError" "<Anonymous>" "splice" "cut" "mincut" 
"browser" "eval" "eval" ".rs.breakOnError" "<Anonymous>" "splice" "cut" "mincut" 
"browser" "eval" "eval" ".rs.breakOnError" "<Anonymous>" "splice" "cut" "mincut" 
"browser" "eval" "eval" ".rs.breakOnError" "<Anonymous>" "splice" "cut" "mincut" 
"browser" "eval" "eval" ".rs.breakOnError" "<Anonymous>" "splice" "cut" "mincut" 
"browser" "eval" "eval" ".rs.breakOnError" "<Anonymous>" "splice" "cut" "mincut" 
"browser" "eval" "eval" ".rs.breakOnError" "<Anonymous>" "splice" "cut" "mincut" 
"browser" "eval" "eval" ".rs.breakOnError" "<Anonymous>" "splice" "cut" "mincut" 
"browser" "eval" "eval" ".rs.breakOnError" "<Anonymous>" "splice" "cut" "mincut" 
"browser" "eval" "eval" ".rs.breakOnError" "<Anonymous>" "splice" "cut" "mincut" 
"browser" "eval" "eval" ".rs.breakOnError" "<Anonymous>" "splice" "cut" "mincut" 
"browser" "eval" "eval" ".rs.breakOnError" "<Anonymous>" "splice" "cut" "mincut" 
"browser" "eval" "eval" ".rs.breakOnError" "<Anonymous>" "splice" "cut" "mincut" 
"browser" "eval" "eval" ".rs.breakOnError" "<Anonymous>" "splice" "cut" "mincut" 
"browser" "eval" "eval" ".rs.breakOnError" "<Anonymous>" "splice" "cut" "mincut" 
"browser" "eval" "eval" ".rs.breakOnError" "<Anonymous>" "splice" "cut" "mincut" 
"browser" "eval" "eval" ".rs.breakOnError" "<Anonymous>" "splice" "cut" "mincut" 
"browser" "eval" "eval" ".rs.breakOnError" "<Anonymous>" "splice" "cut" "mincut" 
"browser" "eval" "eval" ".rs.breakOnError" "<Anonymous>" "splice" "cut" "mincut" 
"browser" "eval" "eval" ".rs.breakOnError" "<Anonymous>" "splice" "cut" "mincut" 
"browser" "eval" "eval" ".rs.breakOnError" "<Anonymous>" "splice" "cut" "mincut" 
"browser" "eval" "eval" ".rs.breakOnError" "<Anonymous>" "splice" "cut" "mincut" 
"browser" "eval" "eval" ".rs.breakOnError" "<Anonymous>" "splice" "cut" "mincut" 
"browser" "eval" "eval" ".rs.breakOnError" "<Anonymous>" "splice" "cut" "mincut" 
"browser" "eval" "eval" ".rs.breakOnError" "<Anonymous>" "splice" "cut" "mincut" 
"browser" "eval" "eval" ".rs.breakOnError" "<Anonymous>" "splice" "cut" "mincut" 
"browser" "eval" "eval" ".rs.breakOnError" "<Anonymous>" "splice" "cut" "mincut" 
"browser" "eval" "eval" ".rs.breakOnError" "<Anonymous>" "splice" "cut" "mincut" 
"browser" "eval" "eval" ".rs.breakOnError" "<Anonymous>" "splice" "cut" "mincut" 
"browser" "eval" "eval" ".rs.breakOnError" "<Anonymous>" "splice" "cut" "mincut" 
"browser" "eval" "eval" ".rs.breakOnError" "<Anonymous>" "splice" "cut" "mincut" 
"browser" "eval" "eval" ".rs.breakOnError" "<Anonymous>" "splice" "cut" "mincut" 
"browser" "eval" "eval" ".rs.breakOnError" "<Anonymous>" "splice" "cut" "mincut" 
"browser" "eval" "eval" ".rs.breakOnError" "<Anonymous>" "splice" "cut" "mincut" 
"browser" "eval" "eval" ".rs.breakOnError" "<Anonymous>" "splice" "cut" "mincut" 
"browser" "eval" "eval" ".rs.breakOnError" "<Anonymous>" "splice" "cut" "mincut" 
"browser" "eval" "eval" ".rs.breakOnError" "<Anonymous>" "splice" "cut" "mincut" 
"browser" "eval" "eval" ".rs.breakOnError" "<Anonymous>" "splice" "cut" "mincut" 
"browser" "eval" "eval" ".rs.breakOnError" "<Anonymous>" "splice" "cut" "mincut" 
"browser" "eval" "eval" ".rs.breakOnError" "<Anonymous>" "splice" "cut" "mincut" 
"browser" "eval" "eval" ".rs.breakOnError" "<Anonymous>" "splice" "cut" "mincut" 
"browser" "eval" "eval" ".rs.breakOnError" "<Anonymous>" "splice" "cut" "mincut" 
"browser" "eval" "eval" ".rs.breakOnError" "<Anonymous>" "splice" "cut" "mincut" 
"browser" "eval" "eval" ".rs.breakOnError" "<Anonymous>" "splice" "cut" "mincut" 
"browser" "eval" "eval" ".rs.breakOnError" "<Anonymous>" "splice" "cut" "mincut" 
"browser" "eval" "eval" ".rs.breakOnError" "<Anonymous>" "splice" "cut" "mincut" 
"browser" "eval" "eval" ".rs.breakOnError" "<Anonymous>" "splice" "cut" "mincut" 
"browser" "eval" "eval" ".rs.breakOnError" "<Anonymous>" "splice" "cut" "mincut" 
"browser" "eval" "eval" ".rs.breakOnError" "<Anonymous>" "splice" "cut" "mincut" 
"browser" "eval" "eval" ".rs.breakOnError" "<Anonymous>" "splice" "cut" "mincut" 
"browser" "eval" "eval" ".rs.breakOnError" "<Anonymous>" "splice" "cut" "mincut" 
"browser" "eval" "eval" ".rs.breakOnError" "<Anonymous>" "splice" "cut" "mincut" 
"browser" "eval" "eval" ".rs.breakOnError" "<Anonymous>" "splice" "cut" "mincut" 
"browser" "eval" "eval" ".rs.breakOnError" "<Anonymous>" "splice" "cut" "mincut" 
"browser" "eval" "eval" ".rs.breakOnError" "<Anonymous>" "splice" "cut" "mincut" 
"browser" "eval" "eval" ".rs.breakOnError" "<Anonymous>" "splice" "cut" "mincut" 
"browser" "eval" "eval" ".rs.breakOnError" "<Anonymous>" "splice" "cut" "mincut" 
"browser" "eval" "eval" ".rs.breakOnError" "<Anonymous>" "splice" "cut" "mincut" 
"browser" "eval" "eval" ".rs.breakOnError" "<Anonymous>" "splice" "cut" "mincut" 
"browser" "eval" "eval" ".rs.breakOnError" "<Anonymous>" "splice" "cut" "mincut" 
"browser" "eval" "eval" ".rs.breakOnError" "<Anonymous>" "splice" "cut" "mincut" 
"browser" "eval" "eval" ".rs.breakOnError" "<Anonymous>" "splice" "cut" "mincut" 
"browser" "eval" "eval" ".rs.breakOnError" "<Anonymous>" "splice" "cut" "mincut" 
"browser" "eval" "eval" ".rs.breakOnError" "<Anonymous>" "splice" "cut" "mincut" 
"browser" "eval" "eval" ".rs.breakOnError" "<Anonymous>" "splice" "cut" "mincut" 
"browser" "eval" "eval" ".rs.breakOnError" "<Anonymous>" "splice" "cut" "mincut" 
"browser" "eval" "eval" ".rs.breakOnError" "<Anonymous>" "splice" "cut" "mincut" 
"browser" "eval" "eval" ".rs.breakOnError" "<Anonymous>" "splice" "cut" "mincut" 
"browser" "eval" "eval" ".rs.breakOnError" "<Anonymous>" "splice" "cut" "mincut" 
"browser" "eval" "eval" ".rs.breakOnError" "<Anonymous>" "splice" "cut" "mincut" 
"browser" "eval" "eval" ".rs.breakOnError" "<Anonymous>" "splice" "cut" "mincut" 
"browser" "eval" "eval" ".rs.breakOnError" "<Anonymous>" "splice" "cut" "mincut" 
"browser" "eval" "eval" ".rs.breakOnError" "<Anonymous>" "splice" "cut" "mincut" 
"browser" "eval" "eval" ".rs.breakOnError" "<Anonymous>" "splice" "cut" "mincut" 
"browser" "eval" "eval" ".rs.breakOnError" "<Anonymous>" "splice" "cut" "mincut" 
"browser" "eval" "eval" ".rs.breakOnError" "<Anonymous>" "splice" "cut" "mincut" 
"browser" "eval" "eval" ".rs.breakOnError" "<Anonymous>" "splice" "cut" "mincut" 
"browser" "eval" "eval" ".rs.breakOnError" "<Anonymous>" "splice" "cut" "mincut" 
"browser" "eval" "eval" ".rs.breakOnError" "<Anonymous>" "splice" "cut" "mincut" 
"browser" "eval" "eval" ".rs.breakOnError" "<Anonymous>" "splice" "cut" "mincut" 
"browser" "eval" "eval" ".rs.breakOnError" "<Anonymous>" "splice" "cut" "mincut" 
"browser" "eval" "eval" ".rs.breakOnError" "<Anonymous>" "splice" "cut" "mincut" 
"browser" "eval" "eval" ".rs.breakOnError" "<Anonymous>" "splice" "cut" "mincut" 
"browser" "eval" "eval" ".rs.breakOnError" "<Anonymous>" "splice" "cut" "mincut" 
"browser" "eval" "eval" ".rs.breakOnError" "<Anonymous>" "splice" "cut" "mincut" 
"browser" "eval" "eval" ".rs.breakOnError" "<Anonymous>" "splice" "cut" "mincut" 
"browser" "eval" "eval" ".rs.breakOnError" "<Anonymous>" "splice" "cut" "mincut" 
"browser" "eval" "eval" ".rs.breakOnError" "<Anonymous>" "splice" "cut" "mincut" 
"browser" "eval" "eval" ".rs.breakOnError" "<Anonymous>" "splice" "cut" "mincut" 
"browser" "eval" "eval" ".rs.breakOnError" "<Anonymous>" "splice" "cut" "mincut" 
"browser" "eval" "eval" ".rs.breakOnError" "<Anonymous>" "splice" "cut" "mincut" 
"browser" "eval" "eval" ".rs.breakOnError" "<Anonymous>" "splice" "cut" "mincut" 
"browser" "eval" "eval" ".rs.breakOnError" "<Anonymous>" "splice" "cut" "mincut" 
"browser" "eval" "eval" ".rs.breakOnError" "<Anonymous>" "splice" "cut" "mincut" 
"browser" "eval" "eval" ".rs.breakOnError" "<Anonymous>" "splice" "cut" "mincut" 
"browser" "eval" "eval" ".rs.breakOnError" "<Anonymous>" "splice" "cut" "mincut" 
"browser" "eval" "eval" ".rs.breakOnError" "<Anonymous>" "splice" "cut" "mincut" 
"browser" "eval" "eval" ".rs.breakOnError" "<Anonymous>" "splice" "cut" "mincut" 
"browser" "eval" "eval" ".rs.breakOnError" "<Anonymous>" "splice" "cut" "mincut" 
"browser" "eval" "eval" ".rs.breakOnError" "<Anonymous>" "splice" "cut" "mincut" 
"browser" "eval" "eval" ".rs.breakOnError" "<Anonymous>" "splice" "cut" "mincut" 
"browser" "eval" "eval" ".rs.breakOnError" "<Anonymous>" "splice" "cut" "mincut" 
"browser" "eval" "eval" ".rs.breakOnError" "<Anonymous>" "splice" "cut" "mincut" 
"browser" "eval" "eval" ".rs.breakOnError" "<Anonymous>" "splice" "cut" "mincut" 
"browser" "eval" "eval" ".rs.breakOnError" "<Anonymous>" "splice" "cut" "mincut" 
"browser" "eval" "eval" ".rs.breakOnError" "<Anonymous>" "splice" "cut" "mincut" 
"browser" "eval" "eval" ".rs.breakOnError" "<Anonymous>" "splice" "cut" "mincut" 
"browser" "eval" "eval" ".rs.breakOnError" "<Anonymous>" "splice" "cut" "mincut" 
"browser" "eval" "eval" ".rs.breakOnError" "<Anonymous>" "splice" "cut" "mincut" 
"browser" "eval" "eval" ".rs.breakOnError" "<Anonymous>" "splice" "cut" "mincut" 
"browser" "eval" "eval" ".rs.breakOnError" "<Anonymous>" "splice" "cut" "mincut" 
"browser" "eval" "eval" ".rs.breakOnError" "<Anonymous>" "splice" "cut" "mincut" 
"browser" "eval" "eval" ".rs.breakOnError" "<Anonymous>" "splice" "cut" "mincut" 
"browser" "eval" "eval" ".rs.breakOnError" "<Anonymous>" "splice" "cut" "mincut" 
"browser" "eval" "eval" ".rs.breakOnError" "<Anonymous>" "splice" "cut" "mincut" 
"browser" "eval" "eval" ".rs.breakOnError" "<Anonymous>" "splice" "cut" "mincut" 
"browser" "eval" "eval" ".rs.breakOnError" "<Anonymous>" "splice" "cut" "mincut" 
"browser" "eval" "eval" ".rs.breakOnError" "<Anonymous>" "splice" "cut" "mincut" 
"browser" "eval" "eval" ".rs.breakOnError" "<Anonymous>" "splice" "cut" "mincut" 
"browser" "eval" "eval" ".rs.breakOnError" "<Anonymous>" "splice" "cut" "mincut" 
"browser" "eval" "eval" ".rs.breakOnError" "<Anonymous>" "splice" "cut" "mincut" 
"browser" "eval" "eval" ".rs.breakOnError" "<Anonymous>" "splice" "cut" "mincut" 
"browser" "eval" "eval" ".rs.breakOnError" "<Anonymous>" "splice" "cut" "mincut" 
"browser" "eval" "eval" ".rs.breakOnError" "<Anonymous>" "splice" "cut" "mincut" 
"browser" "eval" "eval" ".rs.breakOnError" "<Anonymous>" "splice" "cut" "mincut" 
"browser" "eval" "eval" ".rs.breakOnError" "<Anonymous>" "splice" "cut" "mincut" 
"browser" "eval" "eval" ".rs.breakOnError" "<Anonymous>" "splice" "cut" "mincut" 
"browser" "eval" "eval" ".rs.breakOnError" "<Anonymous>" "splice" "cut" "mincut" 
"browser" "eval" "eval" ".rs.breakOnError" "<Anonymous>" "splice" "cut" "mincut" 
"browser" "eval" "eval" ".rs.breakOnError" "<Anonymous>" "splice" "cut" "mincut" 
"browser" "eval" "eval" ".rs.breakOnError" "<Anonymous>" "splice" "cut" "mincut" 
"browser" "eval" "eval" ".rs.breakOnError" "<Anonymous>" "splice" "cut" "mincut" 
"browser" "eval" "eval" ".rs.breakOnError" "<Anonymous>" "splice" "cut" "mincut" 
"browser" "eval" "eval" ".rs.breakOnError" "<Anonymous>" "splice" "cut" "mincut" 
"browser" "eval" "eval" ".rs.breakOnError" "<Anonymous>" "splice" "cut" "mincut" 
"browser" "eval" "eval" ".rs.breakOnError" "<Anonymous>" "splice" "cut" "mincut" 
"browser" "eval" "eval" ".rs.breakOnError" "<Anonymous>" "splice" "cut" "mincut" 
"browser" "eval" "eval" ".rs.breakOnError" "<Anonymous>" "splice" "cut" "mincut" 
"browser" "eval" "eval" ".rs.breakOnError" "<Anonymous>" "splice" "cut" "mincut" 
"browser" "eval" "eval" ".rs.breakOnError" "<Anonymous>" "splice" "cut" "mincut" 
"browser" "eval" "eval" ".rs.breakOnError" "<Anonymous>" "splice" "cut" "mincut" 
"browser" "eval" "eval" ".rs.breakOnError" "<Anonymous>" "splice" "cut" "mincut" 
"browser" "eval" "eval" ".rs.breakOnError" "<Anonymous>" "splice" "cut" "mincut" 
"browser" "eval" "eval" ".rs.breakOnError" "<Anonymous>" "splice" "cut" "mincut" 
"browser" "eval" "eval" ".rs.breakOnError" "<Anonymous>" "splice" "cut" "mincut" 
"browser" "eval" "eval" ".rs.breakOnError" "<Anonymous>" "splice" "cut" "mincut" 
"browser" "eval" "eval" ".rs.breakOnError" "<Anonymous>" "splice" "cut" "mincut" 
"browser" "eval" "eval" ".rs.breakOnError" "<Anonymous>" "splice" "cut" "mincut" 
"browser" "eval" "eval" ".rs.breakOnError" "<Anonymous>" "splice" "cut" "mincut" 
"browser" "eval" "eval" ".rs.breakOnError" "<Anonymous>" "splice" "cut" "mincut" 
"browser" "eval" "eval" ".rs.breakOnError" "<Anonymous>" "splice" "cut" "mincut" 
"browser" "eval" "eval" ".rs.breakOnError" "<Anonymous>" "splice" "cut" "mincut" 
"browser" "eval" "eval" ".rs.breakOnError" "<Anonymous>" "splice" "cut" "mincut" 
"browser" "eval" "eval" ".rs.breakOnError" "<Anonymous>" "splice" "cut" "mincut" 
"browser" "eval" "eval" ".rs.breakOnError" "<Anonymous>" "splice" "cut" "mincut" 
"browser" "eval" "eval" ".rs.breakOnError" "<Anonymous>" "splice" "cut" "mincut" 
"browser" "eval" "eval" ".rs.breakOnError" "<Anonymous>" "splice" "cut" "mincut" 
"browser" "eval" "eval" ".rs.breakOnError" "<Anonymous>" "splice" "cut" "mincut" 
"browser" "eval" "eval" ".rs.breakOnError" "<Anonymous>" "splice" "cut" "mincut" 
"browser" "eval" "eval" ".rs.breakOnError" "<Anonymous>" "splice" "cut" "mincut" 
"browser" "eval" "eval" ".rs.breakOnError" "<Anonymous>" "splice" "cut" "mincut" 
"browser" "eval" "eval" ".rs.breakOnError" "<Anonymous>" "splice" "cut" "mincut" 
"browser" "eval" "eval" ".rs.breakOnError" "<Anonymous>" "splice" "cut" "mincut" 
"browser" "eval" "eval" ".rs.breakOnError" "<Anonymous>" "splice" "cut" "mincut" 
"browser" "eval" "eval" ".rs.breakOnError" "<Anonymous>" "splice" "cut" "mincut" 
"browser" "eval" "eval" ".rs.breakOnError" "<Anonymous>" "splice" "cut" "mincut" 
"unlist" "unique" "simplify2array" "sapply" "prettyNum" "format.default" "format" "format.fun" "paste" "formObj" "cat" "str.default" "str" "<Anonymous>" "do.call" "strSub" "str.default" "str" "eval" "eval" "withVisible" "evalVis" "capture.output" "doTryCatch" "tryCatchOne" "tryCatchList" "tryCatch" ".rs.valueContents" "<Anonymous>" 
"paste" "do.call" "strSub" "str.default" "NextMethod" "str.data.frame" "str" "<Anonymous>" "do.call" "strSub" "str.default" "str" "eval" "eval" "withVisible" "evalVis" "capture.output" "doTryCatch" "tryCatchOne" "tryCatchList" "tryCatch" ".rs.valueContents" "<Anonymous>" 
"sub" "prettyNum" "format.default" "format" "format.fun" "paste" "formObj" "cat" "str.default" "str" "<Anonymous>" "do.call" "strSub" "str.default" "NextMethod" "str.data.frame" "str" "<Anonymous>" "do.call" "strSub" "str.default" "str" "eval" "eval" "withVisible" "evalVis" "capture.output" "doTryCatch" "tryCatchOne" "tryCatchList" "tryCatch" ".rs.valueContents" "<Anonymous>" 
"is.function" "str.default" "NextMethod" "str.data.frame" "str" "eval" "eval" "withVisible" "evalVis" "capture.output" "doTryCatch" "tryCatchOne" "tryCatchList" "tryCatch" ".rs.valueContents" "<Anonymous>" 
"unique" "simplify2array" "sapply" "prettyNum" "format.default" "format" "format.fun" "paste" "formObj" "cat" "str.default" "str" "<Anonymous>" "do.call" "strSub" "str.default" "NextMethod" "str.data.frame" "str" "<Anonymous>" "do.call" "strSub" "str.default" "str" "eval" "eval" "withVisible" "evalVis" "capture.output" "doTryCatch" "tryCatchOne" "tryCatchList" "tryCatch" ".rs.valueContents" "<Anonymous>" 
".deparseOpts" "deparse" "eval" "match.arg" "format.default" "format" "format.fun" "paste" "formObj" "cat" "str.default" "str" "<Anonymous>" "do.call" "strSub" "str.default" "NextMethod" "str.data.frame" "str" "<Anonymous>" "do.call" "strSub" "str.default" "str" "eval" "eval" "withVisible" "evalVis" "capture.output" "doTryCatch" "tryCatchOne" "tryCatchList" "tryCatch" ".rs.valueContents" "<Anonymous>" 
"unlist" "simplify2array" "sapply" "prettyNum" "format.default" "format" "format.fun" "paste" "formObj" "cat" "str.default" "str" "<Anonymous>" "do.call" "strSub" "str.default" "str" "eval" "eval" "withVisible" "evalVis" "capture.output" "doTryCatch" "tryCatchOne" "tryCatchList" "tryCatch" ".rs.valueContents" "<Anonymous>" 
"strtrim" "maybe_truncate" "str.default" "str" "eval" "eval" "withVisible" "evalVis" "capture.output" "doTryCatch" "tryCatchOne" "tryCatchList" "tryCatch" ".rs.valueAsString" "<Anonymous>" 
"length" "length" "data.frame" "do.call" "format.data.frame" "as.matrix" "print.data.frame" "print" 
"sub" "prettyNum" "format.default" "format" "format.fun" "paste" "formObj" "cat" "str.default" "str" "<Anonymous>" "do.call" "strSub" "str.default" "NextMethod" "str.data.frame" "str" "eval" "eval" "withVisible" "evalVis" "capture.output" "doTryCatch" "tryCatchOne" "tryCatchList" "tryCatch" ".rs.valueContents" "<Anonymous>" 
"as.list" "strSub" "str.default" "NextMethod" "str.data.frame" "str" "eval" "eval" "withVisible" "evalVis" "capture.output" "doTryCatch" "tryCatchOne" "tryCatchList" "tryCatch" ".rs.valueContents" "<Anonymous>" 
"cat" "str.default" "NextMethod" "str.data.frame" "str" "eval" "eval" "withVisible" "evalVis" "capture.output" "doTryCatch" "tryCatchOne" "tryCatchList" "tryCatch" ".rs.valueContents" "<Anonymous>" 
"print.default" "print" "print.data.frame" "print" 
"print.default" "print" "print.data.frame" "print" 
"print.default" "print" "print.data.frame" "print" 
"print.default" "print" "print.data.frame" "print" 
"==" "[.data.frame" "[" "splice" "cut" "mincut" 
"all" "[[.data.frame" "[[" "[.data.frame" "[" "splice" "cut" "mincut" 
"<Anonymous>" "[[.data.frame" "[[" "Ops.data.frame" "==" "[<-.data.frame" "[<-" "splice" "cut" "mincut" 
"as.character" "factor" "as.factor" "split.default" "split" "[<-.data.frame" "[<-" "splice" "cut" "mincut" 
"[[" "Ops.data.frame" "==" "[<-.data.frame" "[<-" "splice" "cut" "mincut" 
"[[" "Ops.data.frame" "==" "[<-.data.frame" "[<-" "splice" "cut" "mincut" 
"all" "[[.data.frame" "[[" "[.data.frame" "[" "splice" "cut" "mincut" 
"[[" "[.data.frame" "[" "splice" "cut" "mincut" 
"[[.data.frame" "[[" "[.data.frame" "[" "splice" "cut" "mincut" 
"match" "%in%" "[[.data.frame" "[[" "[.data.frame" "[" "splice" "cut" "mincut" 
"[[" "[.data.frame" "[" "splice" "cut" "mincut" 
"splice" "cut" "mincut" 
"sys.call" "match" "%in%" "[[.data.frame" "[[" "[.data.frame" "[" "splice" "cut" "mincut" 
"[<-.data.frame" "[<-" "splice" "cut" "mincut" 
"match" "%in%" "[[.data.frame" "[[" "[.data.frame" "[" "splice" "cut" "mincut" 
"match.arg" "sort.list" "factor" "as.factor" "split.default" "split" "[<-.data.frame" "[<-" "splice" "cut" "mincut" 
"split" "[<-.data.frame" "[<-" "splice" "cut" "mincut" 
"[[" "[.data.frame" "[" "splice" "cut" "mincut" 
"[[" "[.data.frame" "[" "splice" "cut" "mincut" 
"[.data.frame" "[" "splice" "cut" "mincut" 
"Ops.data.frame" "==" "[<-.data.frame" "[<-" "splice" "cut" "mincut" 
"[[.data.frame" "[[" "[.data.frame" "[" "splice" "cut" "mincut" 
"eval" "match.arg" "sort.list" "factor" "as.factor" "split.default" "split" "[<-.data.frame" "[<-" "splice" "cut" "mincut" 
"sort.list" "factor" "as.factor" "split.default" "split" "[<-.data.frame" "[<-" "splice" "cut" "mincut" 
"[<-.data.frame" "[<-" "splice" "cut" "mincut" 
"[[.data.frame" "[[" "[.data.frame" "[" "splice" "cut" "mincut" 
"is.factor" "sort.list" "factor" "as.factor" "split.default" "split" "[<-.data.frame" "[<-" "splice" "cut" "mincut" 
"%in%" "[[.data.frame" "[[" "Ops.data.frame" "==" "[<-.data.frame" "[<-" "splice" "cut" "mincut" 
"factor" "as.factor" "split.default" "split" "[<-.data.frame" "[<-" "splice" "cut" "mincut" 
"pmatch" ".deparseOpts" "deparse" "eval" "match.arg" "sort.list" "factor" "as.factor" "split.default" "split" "[<-.data.frame" "[<-" "splice" "cut" "mincut" 
"[[" "Ops.data.frame" "==" "[<-.data.frame" "[<-" "splice" "cut" "mincut" 
"%in%" "[[.data.frame" "[[" "Ops.data.frame" "==" "[<-.data.frame" "[<-" "splice" "cut" "mincut" 
"%in%" "[[.data.frame" "[[" "[.data.frame" "[" "splice" "cut" "mincut" 
"[<-.data.frame" "[<-" "splice" "cut" "mincut" 
"dim" "dim" "nrow" "[<-.data.frame" "[<-" "splice" "cut" "mincut" 
"[[" "[.data.frame" "[" "splice" "cut" "mincut" 
"[[" "Ops.data.frame" "==" "[<-.data.frame"